Log file open, 11/21/20 18:00:04
LogInit: Display: Running engine for game: MyProject
LogPlatformFile: Not using cached read wrapper
LogTaskGraph: Started task graph with 5 named threads and 35 total threads with 3 sets of task threads.
LogStats: Stats thread started at 1.802203
LogD3D11RHI: Loaded GFSDK_Aftermath_Lib.x64.dll
LogICUInternationalization: ICU TimeZone Detection - Raw Offset: +3:00, Platform Override: ''
LogPluginManager: Mounting plugin Paper2D
LogPluginManager: Mounting plugin AISupport
LogPluginManager: Mounting plugin LightPropagationVolume
LogPluginManager: Mounting plugin CameraShakePreviewer
LogPluginManager: Mounting plugin ActorLayerUtilities
LogPluginManager: Mounting plugin AnimationSharing
LogPluginManager: Mounting plugin CLionSourceCodeAccess
LogPluginManager: Mounting plugin CodeLiteSourceCodeAccess
LogPluginManager: Mounting plugin GitSourceControl
LogPluginManager: Mounting plugin KDevelopSourceCodeAccess
LogPluginManager: Mounting plugin NullSourceCodeAccess
LogPluginManager: Mounting plugin PerforceSourceControl
LogPluginManager: Mounting plugin PlasticSourceControl
LogPluginManager: Mounting plugin RiderSourceCodeAccess
LogPluginManager: Mounting plugin SubversionSourceControl
LogPluginManager: Mounting plugin UObjectPlugin
LogPluginManager: Mounting plugin VisualStudioCodeSourceCodeAccess
LogPluginManager: Mounting plugin VisualStudioSourceCodeAccess
LogPluginManager: Mounting plugin XCodeSourceCodeAccess
LogPluginManager: Mounting plugin AssetManagerEditor
LogPluginManager: Mounting plugin CryptoKeys
LogPluginManager: Mounting plugin CurveEditorTools
LogPluginManager: Mounting plugin DataValidation
LogPluginManager: Mounting plugin EditorScriptingUtilities
LogPluginManager: Mounting plugin FacialAnimation
LogPluginManager: Mounting plugin GameplayTagsEditor
LogPluginManager: Mounting plugin GeometryMode
LogPluginManager: Mounting plugin MacGraphicsSwitching
LogPluginManager: Mounting plugin MaterialAnalyzer
LogPluginManager: Mounting plugin MobileLauncherProfileWizard
LogPluginManager: Mounting plugin PluginBrowser
LogPluginManager: Mounting plugin SpeedTreeImporter
LogPluginManager: Mounting plugin DatasmithContent
LogPluginManager: Mounting plugin VariantManagerContent
LogPluginManager: Mounting plugin AlembicImporter
LogPluginManager: Mounting plugin AutomationUtils
LogPluginManager: Mounting plugin BackChannel
LogPluginManager: Mounting plugin ChaosCloth
LogPluginManager: Mounting plugin ChaosClothEditor
LogPluginManager: Mounting plugin ChaosEditor
LogPluginManager: Mounting plugin ChaosNiagara
LogPluginManager: Mounting plugin ChaosSolverPlugin
LogPluginManager: Mounting plugin CharacterAI
LogPluginManager: Mounting plugin GeometryCache
LogPluginManager: Mounting plugin GeometryCollectionPlugin
LogPluginManager: Mounting plugin GeometryProcessing
LogPluginManager: Mounting plugin PlanarCut
LogPluginManager: Mounting plugin PlatformCrypto
LogPluginManager: Mounting plugin ProxyLODPlugin
LogPluginManager: Mounting plugin SkeletalReduction
LogPluginManager: Mounting plugin Niagara
LogPluginManager: Mounting plugin MagicLeap
LogPluginManager: Mounting plugin MagicLeapLightEstimation
LogPluginManager: Mounting plugin MagicLeapMedia
LogPluginManager: Mounting plugin MagicLeapPassableWorld
LogPluginManager: Mounting plugin MLSDK
LogPluginManager: Mounting plugin AndroidMedia
LogPluginManager: Mounting plugin AvfMedia
LogPluginManager: Mounting plugin ImgMedia
LogPluginManager: Mounting plugin MediaCompositing
LogPluginManager: Mounting plugin MediaPlayerEditor
LogPluginManager: Mounting plugin WebMMedia
LogPluginManager: Mounting plugin WmfMedia
LogPluginManager: Mounting plugin MeshPainting
LogPluginManager: Mounting plugin TcpMessaging
LogPluginManager: Mounting plugin UdpMessaging
LogPluginManager: Mounting plugin ActorSequence
LogPluginManager: Mounting plugin LevelSequenceEditor
LogPluginManager: Mounting plugin MatineeToLevelSequence
LogPluginManager: Mounting plugin MovieRenderPipeline
LogPluginManager: Mounting plugin TemplateSequence
LogPluginManager: Mounting plugin NetcodeUnitTest
LogPluginManager: Mounting plugin NUTUnrealEngine4
LogPluginManager: Mounting plugin OnlineSubsystemGooglePlay
LogPluginManager: Mounting plugin OnlineSubsystemIOS
LogPluginManager: Mounting plugin OnlineSubsystem
LogPluginManager: Mounting plugin OnlineSubsystemNull
LogPluginManager: Mounting plugin OnlineSubsystemUtils
LogPluginManager: Mounting plugin LauncherChunkInstaller
LogPluginManager: Mounting plugin AndroidDeviceProfileSelector
LogPluginManager: Mounting plugin AndroidMoviePlayer
LogPluginManager: Mounting plugin AndroidPermission
LogPluginManager: Mounting plugin AppleImageUtils
LogPluginManager: Mounting plugin AppleMoviePlayer
LogPluginManager: Mounting plugin ArchVisCharacter
LogPluginManager: Mounting plugin AssetTags
LogPluginManager: Mounting plugin AudioCapture
LogPluginManager: Mounting plugin CableComponent
LogPluginManager: Mounting plugin CustomMeshComponent
LogPluginManager: Mounting plugin EditableMesh
LogPluginManager: Mounting plugin ExampleDeviceProfileSelector
LogPluginManager: Mounting plugin GoogleCloudMessaging
LogPluginManager: Mounting plugin GooglePAD
LogPluginManager: Mounting plugin IOSDeviceProfileSelector
LogPluginManager: Mounting plugin LinuxDeviceProfileSelector
LogPluginManager: Mounting plugin LocationServicesBPLibrary
LogPluginManager: Mounting plugin MobilePatchingUtils
LogPluginManager: Mounting plugin OculusVR
LogPluginManager: Mounting plugin PhysXVehicles
LogPluginManager: Mounting plugin PostSplashScreen
LogPluginManager: Mounting plugin ProceduralMeshComponent
LogPluginManager: Mounting plugin RuntimePhysXCooking
LogPluginManager: Mounting plugin SignificanceManager
LogPluginManager: Mounting plugin SoundFields
LogPluginManager: Mounting plugin SteamVR
LogPluginManager: Mounting plugin Synthesis
LogPluginManager: Mounting plugin WebMMoviePlayer
LogPluginManager: Mounting plugin WindowsMoviePlayer
LogPluginManager: Mounting plugin ScreenshotTools
LogInit: Using libcurl 7.55.1-DEV
LogInit:  - built for x86_64-pc-win32
LogInit:  - supports SSL with OpenSSL/1.1.1
LogInit:  - supports HTTP deflate (compression) using libz 1.2.8
LogInit:  - other features:
LogInit:      CURL_VERSION_SSL
LogInit:      CURL_VERSION_LIBZ
LogInit:      CURL_VERSION_IPV6
LogInit:      CURL_VERSION_ASYNCHDNS
LogInit:      CURL_VERSION_LARGEFILE
LogInit:      CURL_VERSION_IDN
LogInit:  CurlRequestOptions (configurable via config and command line):
LogInit:  - bVerifyPeer = true  - Libcurl will verify peer certificate
LogInit:  - bUseHttpProxy = false  - Libcurl will NOT use HTTP proxy
LogInit:  - bDontReuseConnections = false  - Libcurl will reuse connections
LogInit:  - MaxHostConnections = 16  - Libcurl will limit the number of connections to a host
LogInit:  - LocalHostAddr = Default
LogInit:  - BufferSize = 65536
LogOnline: OSS: Creating online subsystem instance for: NULL
LogInit: WinSock: version 1.1 (2.2), MaxSocks=32767, MaxUdp=65467
LogOnline: OSS: TryLoadSubsystemAndSetDefault: Loaded subsystem for module [NULL]
LogInit: Build: ++UE4+Release-4.25-CL-13942748
LogInit: Engine Version: 4.25.3-13942748+++UE4+Release-4.25
LogInit: Compatible Engine Version: 4.25.0-13144385+++UE4+Release-4.25
LogInit: Net CL: 13144385
LogInit: OS: Windows 10 (Release 1909) (), CPU: Intel(R) Core(TM) i7-9750H CPU @ 2.60GHz, GPU: Intel(R) UHD Graphics 630
LogInit: Compiled (64-bit): Jul 25 2020 02:07:48
LogInit: Compiled with Visual C++: 19.24.28315.00
LogInit: Build Configuration: Development
LogInit: Branch Name: ++UE4+Release-4.25
LogInit: Command Line:  /Game/ThirdPersonBP/Maps/ThirdPersonExampleMap -game -PIEVIACONSOLE -Multiprocess GameUserSettingsINI=C:/Users/ObuhV/Desktop/MyProject/Saved/Config/Windows/PIEGameUserSettings0.ini -MultiprocessSaveConfig -MultiprocessOSS -messaging -SessionName="Play in Standalone Game" -featureleveles31 -faketouches -MultiprocessSaveConfig -windowed -ResX=1280 -ResY=720
LogInit: Base Directory: D:/Epic Games/UE_4.25/Engine/Binaries/Win64/
LogInit: Allocator: TBB
LogInit: Installed Engine Build: 1
LogDevObjectVersion: Number of dev versions registered: 26
LogDevObjectVersion:   Dev-Blueprints (B0D832E4-1F89-4F0D-ACCF-7EB736FD4AA2): 10
LogDevObjectVersion:   Dev-Build (E1C64328-A22C-4D53-A36C-8E866417BD8C): 0
LogDevObjectVersion:   Dev-Core (375EC13C-06E4-48FB-B500-84F0262A717E): 4
LogDevObjectVersion:   Dev-Editor (E4B068ED-F494-42E9-A231-DA0B2E46BB41): 38
LogDevObjectVersion:   Dev-Framework (CFFC743F-43B0-4480-9391-14DF171D2073): 37
LogDevObjectVersion:   Dev-Mobile (B02B49B5-BB20-44E9-A304-32B752E40360): 2
LogDevObjectVersion:   Dev-Networking (A4E4105C-59A1-49B5-A7C5-40C4547EDFEE): 0
LogDevObjectVersion:   Dev-Online (39C831C9-5AE6-47DC-9A44-9C173E1C8E7C): 0
LogDevObjectVersion:   Dev-Physics (78F01B33-EBEA-4F98-B9B4-84EACCB95AA2): 4
LogDevObjectVersion:   Dev-Platform (6631380F-2D4D-43E0-8009-CF276956A95A): 0
LogDevObjectVersion:   Dev-Rendering (12F88B9F-8875-4AFC-A67C-D90C383ABD29): 43
LogDevObjectVersion:   Dev-Sequencer (7B5AE74C-D270-4C10-A958-57980B212A5A): 12
LogDevObjectVersion:   Dev-VR (D7296918-1DD6-4BDD-9DE2-64A83CC13884): 3
LogDevObjectVersion:   Dev-LoadTimes (C2A15278-BFE7-4AFE-6C17-90FF531DF755): 1
LogDevObjectVersion:   Private-Geometry (6EACA3D4-40EC-4CC1-B786-8BED09428FC5): 3
LogDevObjectVersion:   Dev-AnimPhys (29E575DD-E0A3-4627-9D10-D276232CDCEA): 17
LogDevObjectVersion:   Dev-Anim (AF43A65D-7FD3-4947-9873-3E8ED9C1BB05): 7
LogDevObjectVersion:   Dev-ReflectionCapture (6B266CEC-1EC7-4B8F-A30B-E4D90942FC07): 1
LogDevObjectVersion:   Dev-Automation (0DF73D61-A23F-47EA-B727-89E90C41499A): 1
LogDevObjectVersion:   FortniteMain (601D1886-AC64-4F84-AA16-D3DE0DEAC7D6): 31
LogDevObjectVersion:   Dev-Enterprise (9DFFBCD6-494F-0158-E221-12823C92A888): 10
LogDevObjectVersion:   Dev-Niagara (F2AED0AC-9AFE-416F-8664-AA7FFA26D6FC): 1
LogDevObjectVersion:   Dev-Destruction (174F1F0B-B4C6-45A5-B13F-2EE8D0FB917D): 10
LogDevObjectVersion:   Dev-Physics-Ext (35F94A83-E258-406C-A318-09F59610247C): 37
LogDevObjectVersion:   Dev-PhysicsMaterial-Chaos (B68FC16E-8B1B-42E2-B453-215C058844FE): 1
LogDevObjectVersion:   Dev-CineCamera (B2E18506-4273-CFC2-A54E-F4BB758BBA07): 1
LogInit: Presizing for max 25165824 objects, including 0 objects not considered by GC, pre-allocating 0 bytes for permanent pool.
LogConfig: Applying CVar settings from Section [/Script/Engine.StreamingSettings] File [C:/Users/ObuhV/Desktop/MyProject/Saved/Config/Windows/Engine.ini]
LogConfig: Setting CVar [[s.MinBulkDataSizeForAsyncLoading:131072]]
LogConfig: Setting CVar [[s.AsyncLoadingThreadEnabled:0]]
LogConfig: Setting CVar [[s.EventDrivenLoaderEnabled:1]]
LogConfig: Setting CVar [[s.WarnIfTimeLimitExceeded:0]]
LogConfig: Setting CVar [[s.TimeLimitExceededMultiplier:1.5]]
LogConfig: Setting CVar [[s.TimeLimitExceededMinTime:0.005]]
LogConfig: Setting CVar [[s.UseBackgroundLevelStreaming:1]]
LogConfig: Setting CVar [[s.PriorityAsyncLoadingExtraTime:15.0]]
LogConfig: Setting CVar [[s.LevelStreamingActorsUpdateTimeLimit:5.0]]
LogConfig: Setting CVar [[s.PriorityLevelStreamingActorsUpdateExtraTime:5.0]]
LogConfig: Setting CVar [[s.LevelStreamingComponentsRegistrationGranularity:10]]
LogConfig: Setting CVar [[s.UnregisterComponentsTimeLimit:1.0]]
LogConfig: Setting CVar [[s.LevelStreamingComponentsUnregistrationGranularity:5]]
LogConfig: Setting CVar [[s.FlushStreamingOnExit:1]]
LogInit: Object subsystem initialized
LogConfig: Setting CVar [[con.DebugEarlyDefault:1]]
LogConfig: Setting CVar [[r.setres:1280x720]]
[2020.11.21-15.00.05:623][  0]LogConfig: Setting CVar [[con.DebugEarlyDefault:1]]
[2020.11.21-15.00.05:623][  0]LogConfig: Setting CVar [[r.setres:1280x720]]
[2020.11.21-15.00.05:623][  0]LogConfig: Applying CVar settings from Section [/Script/Engine.RendererSettings] File [C:/Users/ObuhV/Desktop/MyProject/Saved/Config/Windows/Engine.ini]
[2020.11.21-15.00.05:623][  0]LogConfig: Setting CVar [[r.GPUCrashDebugging:0]]
[2020.11.21-15.00.05:623][  0]LogConfig: Applying CVar settings from Section [/Script/Engine.RendererOverrideSettings] File [C:/Users/ObuhV/Desktop/MyProject/Saved/Config/Windows/Engine.ini]
[2020.11.21-15.00.05:623][  0]LogConfig: Applying CVar settings from Section [/Script/Engine.StreamingSettings] File [C:/Users/ObuhV/Desktop/MyProject/Saved/Config/Windows/Engine.ini]
[2020.11.21-15.00.05:623][  0]LogConfig: Setting CVar [[s.MinBulkDataSizeForAsyncLoading:131072]]
[2020.11.21-15.00.05:623][  0]LogConfig: Setting CVar [[s.AsyncLoadingThreadEnabled:0]]
[2020.11.21-15.00.05:623][  0]LogConfig: Setting CVar [[s.EventDrivenLoaderEnabled:1]]
[2020.11.21-15.00.05:623][  0]LogConfig: Setting CVar [[s.WarnIfTimeLimitExceeded:0]]
[2020.11.21-15.00.05:623][  0]LogConfig: Setting CVar [[s.TimeLimitExceededMultiplier:1.5]]
[2020.11.21-15.00.05:624][  0]LogConfig: Setting CVar [[s.TimeLimitExceededMinTime:0.005]]
[2020.11.21-15.00.05:624][  0]LogConfig: Setting CVar [[s.UseBackgroundLevelStreaming:1]]
[2020.11.21-15.00.05:624][  0]LogConfig: Setting CVar [[s.PriorityAsyncLoadingExtraTime:15.0]]
[2020.11.21-15.00.05:624][  0]LogConfig: Setting CVar [[s.LevelStreamingActorsUpdateTimeLimit:5.0]]
[2020.11.21-15.00.05:624][  0]LogConfig: Setting CVar [[s.PriorityLevelStreamingActorsUpdateExtraTime:5.0]]
[2020.11.21-15.00.05:624][  0]LogConfig: Setting CVar [[s.LevelStreamingComponentsRegistrationGranularity:10]]
[2020.11.21-15.00.05:624][  0]LogConfig: Setting CVar [[s.UnregisterComponentsTimeLimit:1.0]]
[2020.11.21-15.00.05:624][  0]LogConfig: Setting CVar [[s.LevelStreamingComponentsUnregistrationGranularity:5]]
[2020.11.21-15.00.05:624][  0]LogConfig: Setting CVar [[s.FlushStreamingOnExit:1]]
[2020.11.21-15.00.05:624][  0]LogConfig: Applying CVar settings from Section [/Script/Engine.GarbageCollectionSettings] File [C:/Users/ObuhV/Desktop/MyProject/Saved/Config/Windows/Engine.ini]
[2020.11.21-15.00.05:624][  0]LogConfig: Setting CVar [[gc.MaxObjectsNotConsideredByGC:1]]
[2020.11.21-15.00.05:624][  0]LogConfig: Setting CVar [[gc.SizeOfPermanentObjectPool:0]]
[2020.11.21-15.00.05:624][  0]LogConfig: Setting CVar [[gc.FlushStreamingOnGC:0]]
[2020.11.21-15.00.05:624][  0]LogConfig: Setting CVar [[gc.NumRetriesBeforeForcingGC:10]]
[2020.11.21-15.00.05:624][  0]LogConfig: Setting CVar [[gc.AllowParallelGC:1]]
[2020.11.21-15.00.05:624][  0]LogConfig: Setting CVar [[gc.TimeBetweenPurgingPendingKillObjects:61.1]]
[2020.11.21-15.00.05:624][  0]LogConfig: Setting CVar [[gc.MaxObjectsInEditor:25165824]]
[2020.11.21-15.00.05:624][  0]LogConfig: Setting CVar [[gc.IncrementalBeginDestroyEnabled:1]]
[2020.11.21-15.00.05:624][  0]LogConfig: Setting CVar [[gc.CreateGCClusters:1]]
[2020.11.21-15.00.05:624][  0]LogConfig: Setting CVar [[gc.MinGCClusterSize:5]]
[2020.11.21-15.00.05:624][  0]LogConfig: Setting CVar [[gc.ActorClusteringEnabled:0]]
[2020.11.21-15.00.05:624][  0]LogConfig: Setting CVar [[gc.BlueprintClusteringEnabled:0]]
[2020.11.21-15.00.05:624][  0]LogConfig: Setting CVar [[gc.UseDisregardForGCOnDedicatedServers:0]]
[2020.11.21-15.00.05:624][  0]LogConfig: Applying CVar settings from Section [/Script/Engine.NetworkSettings] File [C:/Users/ObuhV/Desktop/MyProject/Saved/Config/Windows/Engine.ini]
[2020.11.21-15.00.05:624][  0]LogConfig: Applying CVar settings from Section [/Script/UnrealEd.CookerSettings] File [C:/Users/ObuhV/Desktop/MyProject/Saved/Config/Windows/Engine.ini]
[2020.11.21-15.00.05:635][  0]LogConfig: Applying CVar settings from Section [ViewDistanceQuality@3] File [C:/Users/ObuhV/Desktop/MyProject/Saved/Config/Windows/Scalability.ini]
[2020.11.21-15.00.05:635][  0]LogConfig: Setting CVar [[r.SkeletalMeshLODBias:0]]
[2020.11.21-15.00.05:635][  0]LogConfig: Setting CVar [[r.ViewDistanceScale:1.0]]
[2020.11.21-15.00.05:635][  0]LogConfig: Applying CVar settings from Section [AntiAliasingQuality@3] File [C:/Users/ObuhV/Desktop/MyProject/Saved/Config/Windows/Scalability.ini]
[2020.11.21-15.00.05:635][  0]LogConfig: Setting CVar [[r.PostProcessAAQuality:4]]
[2020.11.21-15.00.05:635][  0]LogConfig: Applying CVar settings from Section [ShadowQuality@3] File [C:/Users/ObuhV/Desktop/MyProject/Saved/Config/Windows/Scalability.ini]
[2020.11.21-15.00.05:635][  0]LogConfig: Setting CVar [[r.LightFunctionQuality:1]]
[2020.11.21-15.00.05:635][  0]LogConfig: Setting CVar [[r.ShadowQuality:5]]
[2020.11.21-15.00.05:635][  0]LogConfig: Setting CVar [[r.Shadow.CSM.MaxCascades:10]]
[2020.11.21-15.00.05:635][  0]LogConfig: Setting CVar [[r.Shadow.MaxResolution:2048]]
[2020.11.21-15.00.05:635][  0]LogConfig: Setting CVar [[r.Shadow.MaxCSMResolution:2048]]
[2020.11.21-15.00.05:635][  0]LogConfig: Setting CVar [[r.Shadow.RadiusThreshold:0.01]]
[2020.11.21-15.00.05:635][  0]LogConfig: Setting CVar [[r.Shadow.DistanceScale:1.0]]
[2020.11.21-15.00.05:635][  0]LogConfig: Setting CVar [[r.Shadow.CSM.TransitionScale:1.0]]
[2020.11.21-15.00.05:635][  0]LogConfig: Setting CVar [[r.Shadow.PreShadowResolutionFactor:1.0]]
[2020.11.21-15.00.05:635][  0]LogConfig: Setting CVar [[r.DistanceFieldShadowing:1]]
[2020.11.21-15.00.05:635][  0]LogConfig: Setting CVar [[r.DistanceFieldAO:1]]
[2020.11.21-15.00.05:635][  0]LogConfig: Setting CVar [[r.AOQuality:2]]
[2020.11.21-15.00.05:635][  0]LogConfig: Setting CVar [[r.VolumetricFog:1]]
[2020.11.21-15.00.05:635][  0]LogConfig: Setting CVar [[r.VolumetricFog.GridPixelSize:8]]
[2020.11.21-15.00.05:635][  0]LogConfig: Setting CVar [[r.VolumetricFog.GridSizeZ:128]]
[2020.11.21-15.00.05:635][  0]LogConfig: Setting CVar [[r.VolumetricFog.HistoryMissSupersampleCount:4]]
[2020.11.21-15.00.05:635][  0]LogConfig: Setting CVar [[r.LightMaxDrawDistanceScale:1]]
[2020.11.21-15.00.05:635][  0]LogConfig: Setting CVar [[r.CapsuleShadows:1]]
[2020.11.21-15.00.05:635][  0]LogConfig: Applying CVar settings from Section [PostProcessQuality@3] File [C:/Users/ObuhV/Desktop/MyProject/Saved/Config/Windows/Scalability.ini]
[2020.11.21-15.00.05:635][  0]LogConfig: Setting CVar [[r.MotionBlurQuality:4]]
[2020.11.21-15.00.05:635][  0]LogConfig: Setting CVar [[r.AmbientOcclusionMipLevelFactor:0.4]]
[2020.11.21-15.00.05:635][  0]LogConfig: Setting CVar [[r.AmbientOcclusionMaxQuality:100]]
[2020.11.21-15.00.05:635][  0]LogConfig: Setting CVar [[r.AmbientOcclusionLevels:-1]]
[2020.11.21-15.00.05:635][  0]LogConfig: Setting CVar [[r.AmbientOcclusionRadiusScale:1.0]]
[2020.11.21-15.00.05:635][  0]LogConfig: Setting CVar [[r.DepthOfFieldQuality:2]]
[2020.11.21-15.00.05:635][  0]LogConfig: Setting CVar [[r.RenderTargetPoolMin:400]]
[2020.11.21-15.00.05:635][  0]LogConfig: Setting CVar [[r.LensFlareQuality:2]]
[2020.11.21-15.00.05:635][  0]LogConfig: Setting CVar [[r.SceneColorFringeQuality:1]]
[2020.11.21-15.00.05:635][  0]LogConfig: Setting CVar [[r.EyeAdaptationQuality:2]]
[2020.11.21-15.00.05:635][  0]LogConfig: Setting CVar [[r.BloomQuality:5]]
[2020.11.21-15.00.05:635][  0]LogConfig: Setting CVar [[r.FastBlurThreshold:100]]
[2020.11.21-15.00.05:635][  0]LogConfig: Setting CVar [[r.Upscale.Quality:3]]
[2020.11.21-15.00.05:635][  0]LogConfig: Setting CVar [[r.Tonemapper.GrainQuantization:1]]
[2020.11.21-15.00.05:635][  0]LogConfig: Setting CVar [[r.LightShaftQuality:1]]
[2020.11.21-15.00.05:635][  0]LogConfig: Setting CVar [[r.Filter.SizeScale:1]]
[2020.11.21-15.00.05:635][  0]LogConfig: Setting CVar [[r.Tonemapper.Quality:5]]
[2020.11.21-15.00.05:635][  0]LogConfig: Setting CVar [[r.DOF.Gather.AccumulatorQuality:1        ; higher gathering accumulator quality]]
[2020.11.21-15.00.05:635][  0]LogConfig: Setting CVar [[r.DOF.Gather.PostfilterMethod:1          ; Median3x3 postfilering method]]
[2020.11.21-15.00.05:635][  0]LogConfig: Setting CVar [[r.DOF.Gather.EnableBokehSettings:0       ; no bokeh simulation when gathering]]
[2020.11.21-15.00.05:635][  0]LogConfig: Setting CVar [[r.DOF.Gather.RingCount:4                 ; medium number of samples when gathering]]
[2020.11.21-15.00.05:635][  0]LogConfig: Setting CVar [[r.DOF.Scatter.ForegroundCompositing:1    ; additive foreground scattering]]
[2020.11.21-15.00.05:635][  0]LogConfig: Setting CVar [[r.DOF.Scatter.BackgroundCompositing:2    ; additive background scattering]]
[2020.11.21-15.00.05:635][  0]LogConfig: Setting CVar [[r.DOF.Scatter.EnableBokehSettings:1      ; bokeh simulation when scattering]]
[2020.11.21-15.00.05:635][  0]LogConfig: Setting CVar [[r.DOF.Scatter.MaxSpriteRatio:0.1         ; only a maximum of 10% of scattered bokeh]]
[2020.11.21-15.00.05:635][  0]LogConfig: Setting CVar [[r.DOF.Recombine.Quality:1                ; cheap slight out of focus]]
[2020.11.21-15.00.05:635][  0]LogConfig: Setting CVar [[r.DOF.Recombine.EnableBokehSettings:0    ; no bokeh simulation on slight out of focus]]
[2020.11.21-15.00.05:635][  0]LogConfig: Setting CVar [[r.DOF.TemporalAAQuality:1                ; more stable temporal accumulation]]
[2020.11.21-15.00.05:635][  0]LogConfig: Setting CVar [[r.DOF.Kernel.MaxForegroundRadius:0.025]]
[2020.11.21-15.00.05:635][  0]LogConfig: Setting CVar [[r.DOF.Kernel.MaxBackgroundRadius:0.025]]
[2020.11.21-15.00.05:635][  0]LogConfig: Applying CVar settings from Section [TextureQuality@3] File [C:/Users/ObuhV/Desktop/MyProject/Saved/Config/Windows/Scalability.ini]
[2020.11.21-15.00.05:635][  0]LogConfig: Setting CVar [[r.Streaming.MipBias:0]]
[2020.11.21-15.00.05:635][  0]LogConfig: Setting CVar [[r.Streaming.AmortizeCPUToGPUCopy:0]]
[2020.11.21-15.00.05:635][  0]LogConfig: Setting CVar [[r.Streaming.MaxNumTexturesToStreamPerFrame:0]]
[2020.11.21-15.00.05:635][  0]LogConfig: Setting CVar [[r.Streaming.Boost:1]]
[2020.11.21-15.00.05:635][  0]LogConfig: Setting CVar [[r.MaxAnisotropy:8]]
[2020.11.21-15.00.05:635][  0]LogConfig: Setting CVar [[r.VT.MaxAnisotropy:8]]
[2020.11.21-15.00.05:635][  0]LogConfig: Setting CVar [[r.Streaming.LimitPoolSizeToVRAM:0]]
[2020.11.21-15.00.05:635][  0]LogConfig: Setting CVar [[r.Streaming.PoolSize:1000]]
[2020.11.21-15.00.05:635][  0]LogConfig: Setting CVar [[r.Streaming.MaxEffectiveScreenSize:0]]
[2020.11.21-15.00.05:635][  0]LogConfig: Applying CVar settings from Section [EffectsQuality@3] File [C:/Users/ObuhV/Desktop/MyProject/Saved/Config/Windows/Scalability.ini]
[2020.11.21-15.00.05:635][  0]LogConfig: Setting CVar [[r.TranslucencyLightingVolumeDim:64]]
[2020.11.21-15.00.05:635][  0]LogConfig: Setting CVar [[r.RefractionQuality:2]]
[2020.11.21-15.00.05:635][  0]LogConfig: Setting CVar [[r.SSR.Quality:3]]
[2020.11.21-15.00.05:635][  0]LogConfig: Setting CVar [[r.SSR.HalfResSceneColor:0]]
[2020.11.21-15.00.05:635][  0]LogConfig: Setting CVar [[r.SceneColorFormat:4]]
[2020.11.21-15.00.05:635][  0]LogConfig: Setting CVar [[r.DetailMode:2]]
[2020.11.21-15.00.05:635][  0]LogConfig: Setting CVar [[r.TranslucencyVolumeBlur:1]]
[2020.11.21-15.00.05:635][  0]LogConfig: Setting CVar [[r.MaterialQualityLevel:1 ; High quality]]
[2020.11.21-15.00.05:635][  0]LogConfig: Setting CVar [[r.SSS.Scale:1]]
[2020.11.21-15.00.05:636][  0]LogConfig: Setting CVar [[r.SSS.SampleSet:2]]
[2020.11.21-15.00.05:636][  0]LogConfig: Setting CVar [[r.SSS.Quality:1]]
[2020.11.21-15.00.05:636][  0]LogConfig: Setting CVar [[r.SSS.HalfRes:0]]
[2020.11.21-15.00.05:636][  0]LogConfig: Setting CVar [[r.SSGI.Quality:3]]
[2020.11.21-15.00.05:636][  0]LogConfig: Setting CVar [[r.EmitterSpawnRateScale:1.0]]
[2020.11.21-15.00.05:636][  0]LogConfig: Setting CVar [[r.ParticleLightQuality:2]]
[2020.11.21-15.00.05:636][  0]LogConfig: Setting CVar [[r.SkyAtmosphere.AerialPerspectiveLUT.FastApplyOnOpaque:1 ; Always have FastSkyLUT 1 in this case to avoid wrong sky]]
[2020.11.21-15.00.05:636][  0]LogConfig: Setting CVar [[r.SkyAtmosphere.AerialPerspectiveLUT.SampleCountPerSlice:1]]
[2020.11.21-15.00.05:636][  0]LogConfig: Setting CVar [[r.SkyAtmosphere.AerialPerspectiveLUT.DepthResolution:16.0]]
[2020.11.21-15.00.05:636][  0]LogConfig: Setting CVar [[r.SkyAtmosphere.FastSkyLUT:1]]
[2020.11.21-15.00.05:636][  0]LogConfig: Setting CVar [[r.SkyAtmosphere.FastSkyLUT.SampleCountMin:4.0]]
[2020.11.21-15.00.05:636][  0]LogConfig: Setting CVar [[r.SkyAtmosphere.FastSkyLUT.SampleCountMax:32.0]]
[2020.11.21-15.00.05:636][  0]LogConfig: Setting CVar [[r.SkyAtmosphere.SampleCountMin:4.0]]
[2020.11.21-15.00.05:636][  0]LogConfig: Setting CVar [[r.SkyAtmosphere.SampleCountMax:32.0]]
[2020.11.21-15.00.05:636][  0]LogConfig: Setting CVar [[r.SkyAtmosphere.TransmittanceLUT.UseSmallFormat:0]]
[2020.11.21-15.00.05:636][  0]LogConfig: Setting CVar [[r.SkyAtmosphere.TransmittanceLUT.SampleCount:10.0]]
[2020.11.21-15.00.05:636][  0]LogConfig: Setting CVar [[r.SkyAtmosphere.MultiScatteringLUT.SampleCount:15.0]]
[2020.11.21-15.00.05:636][  0]LogConfig: Applying CVar settings from Section [FoliageQuality@3] File [C:/Users/ObuhV/Desktop/MyProject/Saved/Config/Windows/Scalability.ini]
[2020.11.21-15.00.05:636][  0]LogConfig: Setting CVar [[foliage.DensityScale:1.0]]
[2020.11.21-15.00.05:636][  0]LogConfig: Setting CVar [[grass.DensityScale:1.0]]
[2020.11.21-15.00.05:636][  0]LogConfig: Applying CVar settings from Section [ShadingQuality@3] File [C:/Users/ObuhV/Desktop/MyProject/Saved/Config/Windows/Scalability.ini]
[2020.11.21-15.00.05:636][  0]LogConfig: Setting CVar [[r.HairStrands.SkyLighting.SampleCount:16]]
[2020.11.21-15.00.05:636][  0]LogConfig: Setting CVar [[r.HairStrands.SkyLighting.JitterIntegration:0]]
[2020.11.21-15.00.05:636][  0]LogConfig: Setting CVar [[r.HairStrands.SkyAO.SampleCount:16]]
[2020.11.21-15.00.05:636][  0]LogConfig: Setting CVar [[r.HairStrands.DeepShadow.SuperSampling:0]]
[2020.11.21-15.00.05:636][  0]LogConfig: Setting CVar [[r.HairStrands.VisibilityPPLL:0]]
[2020.11.21-15.00.05:636][  0]LogConfig: Setting CVar [[r.HairStrands.RasterizationScale:0.5]]
[2020.11.21-15.00.05:636][  0]LogConfig: Setting CVar [[r.HairStrands.VelocityRasterizationScale:1]]
[2020.11.21-15.00.05:636][  0]LogInit: Selected Device Profile: [Windows]
[2020.11.21-15.00.05:636][  0]LogInit: Applying CVar settings loaded from the selected device profile: [Windows]
[2020.11.21-15.00.05:636][  0]LogHAL: Display: Platform has ~ 16 GB [17017368576 / 17179869184 / 16], which maps to Larger [LargestMinGB=32, LargerMinGB=12, DefaultMinGB=8, SmallerMinGB=6, SmallestMinGB=0)
[2020.11.21-15.00.05:636][  0]LogInit: Going up to parent DeviceProfile []
[2020.11.21-15.00.05:636][  0]LogConfig: Applying CVar settings from Section [ViewDistanceQuality@3] File [C:/Users/ObuhV/Desktop/MyProject/Saved/Config/Windows/Scalability.ini]
[2020.11.21-15.00.05:636][  0]LogConfig: Setting CVar [[r.SkeletalMeshLODBias:0]]
[2020.11.21-15.00.05:636][  0]LogConfig: Setting CVar [[r.ViewDistanceScale:1.0]]
[2020.11.21-15.00.05:636][  0]LogConfig: Applying CVar settings from Section [AntiAliasingQuality@3] File [C:/Users/ObuhV/Desktop/MyProject/Saved/Config/Windows/Scalability.ini]
[2020.11.21-15.00.05:636][  0]LogConfig: Setting CVar [[r.PostProcessAAQuality:4]]
[2020.11.21-15.00.05:636][  0]LogConfig: Applying CVar settings from Section [ShadowQuality@3] File [C:/Users/ObuhV/Desktop/MyProject/Saved/Config/Windows/Scalability.ini]
[2020.11.21-15.00.05:636][  0]LogConfig: Setting CVar [[r.LightFunctionQuality:1]]
[2020.11.21-15.00.05:636][  0]LogConfig: Setting CVar [[r.ShadowQuality:5]]
[2020.11.21-15.00.05:636][  0]LogConfig: Setting CVar [[r.Shadow.CSM.MaxCascades:10]]
[2020.11.21-15.00.05:636][  0]LogConfig: Setting CVar [[r.Shadow.MaxResolution:2048]]
[2020.11.21-15.00.05:636][  0]LogConfig: Setting CVar [[r.Shadow.MaxCSMResolution:2048]]
[2020.11.21-15.00.05:636][  0]LogConfig: Setting CVar [[r.Shadow.RadiusThreshold:0.01]]
[2020.11.21-15.00.05:636][  0]LogConfig: Setting CVar [[r.Shadow.DistanceScale:1.0]]
[2020.11.21-15.00.05:636][  0]LogConfig: Setting CVar [[r.Shadow.CSM.TransitionScale:1.0]]
[2020.11.21-15.00.05:636][  0]LogConfig: Setting CVar [[r.Shadow.PreShadowResolutionFactor:1.0]]
[2020.11.21-15.00.05:636][  0]LogConfig: Setting CVar [[r.DistanceFieldShadowing:1]]
[2020.11.21-15.00.05:636][  0]LogConfig: Setting CVar [[r.DistanceFieldAO:1]]
[2020.11.21-15.00.05:636][  0]LogConfig: Setting CVar [[r.AOQuality:2]]
[2020.11.21-15.00.05:636][  0]LogConfig: Setting CVar [[r.VolumetricFog:1]]
[2020.11.21-15.00.05:636][  0]LogConfig: Setting CVar [[r.VolumetricFog.GridPixelSize:8]]
[2020.11.21-15.00.05:636][  0]LogConfig: Setting CVar [[r.VolumetricFog.GridSizeZ:128]]
[2020.11.21-15.00.05:636][  0]LogConfig: Setting CVar [[r.VolumetricFog.HistoryMissSupersampleCount:4]]
[2020.11.21-15.00.05:636][  0]LogConfig: Setting CVar [[r.LightMaxDrawDistanceScale:1]]
[2020.11.21-15.00.05:636][  0]LogConfig: Setting CVar [[r.CapsuleShadows:1]]
[2020.11.21-15.00.05:636][  0]LogConfig: Applying CVar settings from Section [PostProcessQuality@3] File [C:/Users/ObuhV/Desktop/MyProject/Saved/Config/Windows/Scalability.ini]
[2020.11.21-15.00.05:636][  0]LogConfig: Setting CVar [[r.MotionBlurQuality:4]]
[2020.11.21-15.00.05:636][  0]LogConfig: Setting CVar [[r.AmbientOcclusionMipLevelFactor:0.4]]
[2020.11.21-15.00.05:636][  0]LogConfig: Setting CVar [[r.AmbientOcclusionMaxQuality:100]]
[2020.11.21-15.00.05:636][  0]LogConfig: Setting CVar [[r.AmbientOcclusionLevels:-1]]
[2020.11.21-15.00.05:636][  0]LogConfig: Setting CVar [[r.AmbientOcclusionRadiusScale:1.0]]
[2020.11.21-15.00.05:636][  0]LogConfig: Setting CVar [[r.DepthOfFieldQuality:2]]
[2020.11.21-15.00.05:636][  0]LogConfig: Setting CVar [[r.RenderTargetPoolMin:400]]
[2020.11.21-15.00.05:636][  0]LogConfig: Setting CVar [[r.LensFlareQuality:2]]
[2020.11.21-15.00.05:636][  0]LogConfig: Setting CVar [[r.SceneColorFringeQuality:1]]
[2020.11.21-15.00.05:636][  0]LogConfig: Setting CVar [[r.EyeAdaptationQuality:2]]
[2020.11.21-15.00.05:636][  0]LogConfig: Setting CVar [[r.BloomQuality:5]]
[2020.11.21-15.00.05:636][  0]LogConfig: Setting CVar [[r.FastBlurThreshold:100]]
[2020.11.21-15.00.05:636][  0]LogConfig: Setting CVar [[r.Upscale.Quality:3]]
[2020.11.21-15.00.05:636][  0]LogConfig: Setting CVar [[r.Tonemapper.GrainQuantization:1]]
[2020.11.21-15.00.05:636][  0]LogConfig: Setting CVar [[r.LightShaftQuality:1]]
[2020.11.21-15.00.05:636][  0]LogConfig: Setting CVar [[r.Filter.SizeScale:1]]
[2020.11.21-15.00.05:636][  0]LogConfig: Setting CVar [[r.Tonemapper.Quality:5]]
[2020.11.21-15.00.05:636][  0]LogConfig: Setting CVar [[r.DOF.Gather.AccumulatorQuality:1        ; higher gathering accumulator quality]]
[2020.11.21-15.00.05:636][  0]LogConfig: Setting CVar [[r.DOF.Gather.PostfilterMethod:1          ; Median3x3 postfilering method]]
[2020.11.21-15.00.05:636][  0]LogConfig: Setting CVar [[r.DOF.Gather.EnableBokehSettings:0       ; no bokeh simulation when gathering]]
[2020.11.21-15.00.05:636][  0]LogConfig: Setting CVar [[r.DOF.Gather.RingCount:4                 ; medium number of samples when gathering]]
[2020.11.21-15.00.05:636][  0]LogConfig: Setting CVar [[r.DOF.Scatter.ForegroundCompositing:1    ; additive foreground scattering]]
[2020.11.21-15.00.05:636][  0]LogConfig: Setting CVar [[r.DOF.Scatter.BackgroundCompositing:2    ; additive background scattering]]
[2020.11.21-15.00.05:636][  0]LogConfig: Setting CVar [[r.DOF.Scatter.EnableBokehSettings:1      ; bokeh simulation when scattering]]
[2020.11.21-15.00.05:636][  0]LogConfig: Setting CVar [[r.DOF.Scatter.MaxSpriteRatio:0.1         ; only a maximum of 10% of scattered bokeh]]
[2020.11.21-15.00.05:636][  0]LogConfig: Setting CVar [[r.DOF.Recombine.Quality:1                ; cheap slight out of focus]]
[2020.11.21-15.00.05:636][  0]LogConfig: Setting CVar [[r.DOF.Recombine.EnableBokehSettings:0    ; no bokeh simulation on slight out of focus]]
[2020.11.21-15.00.05:636][  0]LogConfig: Setting CVar [[r.DOF.TemporalAAQuality:1                ; more stable temporal accumulation]]
[2020.11.21-15.00.05:636][  0]LogConfig: Setting CVar [[r.DOF.Kernel.MaxForegroundRadius:0.025]]
[2020.11.21-15.00.05:636][  0]LogConfig: Setting CVar [[r.DOF.Kernel.MaxBackgroundRadius:0.025]]
[2020.11.21-15.00.05:636][  0]LogConfig: Applying CVar settings from Section [TextureQuality@3] File [C:/Users/ObuhV/Desktop/MyProject/Saved/Config/Windows/Scalability.ini]
[2020.11.21-15.00.05:636][  0]LogConfig: Setting CVar [[r.Streaming.MipBias:0]]
[2020.11.21-15.00.05:636][  0]LogConfig: Setting CVar [[r.Streaming.AmortizeCPUToGPUCopy:0]]
[2020.11.21-15.00.05:636][  0]LogConfig: Setting CVar [[r.Streaming.MaxNumTexturesToStreamPerFrame:0]]
[2020.11.21-15.00.05:636][  0]LogConfig: Setting CVar [[r.Streaming.Boost:1]]
[2020.11.21-15.00.05:636][  0]LogConfig: Setting CVar [[r.MaxAnisotropy:8]]
[2020.11.21-15.00.05:636][  0]LogConfig: Setting CVar [[r.VT.MaxAnisotropy:8]]
[2020.11.21-15.00.05:636][  0]LogConfig: Setting CVar [[r.Streaming.LimitPoolSizeToVRAM:0]]
[2020.11.21-15.00.05:636][  0]LogConfig: Setting CVar [[r.Streaming.PoolSize:1000]]
[2020.11.21-15.00.05:636][  0]LogConfig: Setting CVar [[r.Streaming.MaxEffectiveScreenSize:0]]
[2020.11.21-15.00.05:637][  0]LogConfig: Applying CVar settings from Section [EffectsQuality@3] File [C:/Users/ObuhV/Desktop/MyProject/Saved/Config/Windows/Scalability.ini]
[2020.11.21-15.00.05:637][  0]LogConfig: Setting CVar [[r.TranslucencyLightingVolumeDim:64]]
[2020.11.21-15.00.05:637][  0]LogConfig: Setting CVar [[r.RefractionQuality:2]]
[2020.11.21-15.00.05:637][  0]LogConfig: Setting CVar [[r.SSR.Quality:3]]
[2020.11.21-15.00.05:637][  0]LogConfig: Setting CVar [[r.SSR.HalfResSceneColor:0]]
[2020.11.21-15.00.05:637][  0]LogConfig: Setting CVar [[r.SceneColorFormat:4]]
[2020.11.21-15.00.05:637][  0]LogConfig: Setting CVar [[r.DetailMode:2]]
[2020.11.21-15.00.05:637][  0]LogConfig: Setting CVar [[r.TranslucencyVolumeBlur:1]]
[2020.11.21-15.00.05:637][  0]LogConfig: Setting CVar [[r.MaterialQualityLevel:1 ; High quality]]
[2020.11.21-15.00.05:637][  0]LogConfig: Setting CVar [[r.SSS.Scale:1]]
[2020.11.21-15.00.05:637][  0]LogConfig: Setting CVar [[r.SSS.SampleSet:2]]
[2020.11.21-15.00.05:637][  0]LogConfig: Setting CVar [[r.SSS.Quality:1]]
[2020.11.21-15.00.05:637][  0]LogConfig: Setting CVar [[r.SSS.HalfRes:0]]
[2020.11.21-15.00.05:637][  0]LogConfig: Setting CVar [[r.SSGI.Quality:3]]
[2020.11.21-15.00.05:637][  0]LogConfig: Setting CVar [[r.EmitterSpawnRateScale:1.0]]
[2020.11.21-15.00.05:637][  0]LogConfig: Setting CVar [[r.ParticleLightQuality:2]]
[2020.11.21-15.00.05:637][  0]LogConfig: Setting CVar [[r.SkyAtmosphere.AerialPerspectiveLUT.FastApplyOnOpaque:1 ; Always have FastSkyLUT 1 in this case to avoid wrong sky]]
[2020.11.21-15.00.05:637][  0]LogConfig: Setting CVar [[r.SkyAtmosphere.AerialPerspectiveLUT.SampleCountPerSlice:1]]
[2020.11.21-15.00.05:637][  0]LogConfig: Setting CVar [[r.SkyAtmosphere.AerialPerspectiveLUT.DepthResolution:16.0]]
[2020.11.21-15.00.05:637][  0]LogConfig: Setting CVar [[r.SkyAtmosphere.FastSkyLUT:1]]
[2020.11.21-15.00.05:637][  0]LogConfig: Setting CVar [[r.SkyAtmosphere.FastSkyLUT.SampleCountMin:4.0]]
[2020.11.21-15.00.05:637][  0]LogConfig: Setting CVar [[r.SkyAtmosphere.FastSkyLUT.SampleCountMax:32.0]]
[2020.11.21-15.00.05:637][  0]LogConfig: Setting CVar [[r.SkyAtmosphere.SampleCountMin:4.0]]
[2020.11.21-15.00.05:637][  0]LogConfig: Setting CVar [[r.SkyAtmosphere.SampleCountMax:32.0]]
[2020.11.21-15.00.05:637][  0]LogConfig: Setting CVar [[r.SkyAtmosphere.TransmittanceLUT.UseSmallFormat:0]]
[2020.11.21-15.00.05:637][  0]LogConfig: Setting CVar [[r.SkyAtmosphere.TransmittanceLUT.SampleCount:10.0]]
[2020.11.21-15.00.05:637][  0]LogConfig: Setting CVar [[r.SkyAtmosphere.MultiScatteringLUT.SampleCount:15.0]]
[2020.11.21-15.00.05:637][  0]LogConfig: Applying CVar settings from Section [FoliageQuality@3] File [C:/Users/ObuhV/Desktop/MyProject/Saved/Config/Windows/Scalability.ini]
[2020.11.21-15.00.05:637][  0]LogConfig: Setting CVar [[foliage.DensityScale:1.0]]
[2020.11.21-15.00.05:637][  0]LogConfig: Setting CVar [[grass.DensityScale:1.0]]
[2020.11.21-15.00.05:637][  0]LogConfig: Applying CVar settings from Section [ShadingQuality@3] File [C:/Users/ObuhV/Desktop/MyProject/Saved/Config/Windows/Scalability.ini]
[2020.11.21-15.00.05:637][  0]LogConfig: Setting CVar [[r.HairStrands.SkyLighting.SampleCount:16]]
[2020.11.21-15.00.05:637][  0]LogConfig: Setting CVar [[r.HairStrands.SkyLighting.JitterIntegration:0]]
[2020.11.21-15.00.05:637][  0]LogConfig: Setting CVar [[r.HairStrands.SkyAO.SampleCount:16]]
[2020.11.21-15.00.05:637][  0]LogConfig: Setting CVar [[r.HairStrands.DeepShadow.SuperSampling:0]]
[2020.11.21-15.00.05:637][  0]LogConfig: Setting CVar [[r.HairStrands.VisibilityPPLL:0]]
[2020.11.21-15.00.05:637][  0]LogConfig: Setting CVar [[r.HairStrands.RasterizationScale:0.5]]
[2020.11.21-15.00.05:637][  0]LogConfig: Setting CVar [[r.HairStrands.VelocityRasterizationScale:1]]
[2020.11.21-15.00.05:637][  0]LogConfig: Applying CVar settings from Section [Startup] File [../../../Engine/Config/ConsoleVariables.ini]
[2020.11.21-15.00.05:637][  0]LogConfig: Setting CVar [[net.UseAdaptiveNetUpdateFrequency:0]]
[2020.11.21-15.00.05:637][  0]LogConfig: Setting CVar [[p.chaos.AllowCreatePhysxBodies:1]]
[2020.11.21-15.00.05:637][  0]LogConfig: Setting CVar [[fx.SkipVectorVMBackendOptimizations:1]]
[2020.11.21-15.00.05:637][  0]LogConfig: Applying CVar settings from Section [ConsoleVariables] File [C:/Users/ObuhV/Desktop/MyProject/Saved/Config/Windows/Engine.ini]
[2020.11.21-15.00.05:649][  0]LogInit: Computer: MSI
[2020.11.21-15.00.05:649][  0]LogInit: User: ObuhV
[2020.11.21-15.00.05:657][  0]LogInit: CPU Page size=4096, Cores=6
[2020.11.21-15.00.05:657][  0]LogInit: High frequency timer resolution =10.000000 MHz
[2020.11.21-15.00.05:657][  0]LogMemory: Memory total: Physical=15.8GB (16GB approx)
[2020.11.21-15.00.05:657][  0]LogMemory: Platform Memory Stats for Windows
[2020.11.21-15.00.05:657][  0]LogMemory: Process Physical Memory: 114.57 MB used, 114.57 MB peak
[2020.11.21-15.00.05:657][  0]LogMemory: Process Virtual Memory: 97.07 MB used, 97.07 MB peak
[2020.11.21-15.00.05:657][  0]LogMemory: Physical Memory: 12854.36 MB used,  3374.66 MB free, 16229.03 MB total
[2020.11.21-15.00.05:657][  0]LogMemory: Virtual Memory: 5164.98 MB used,  134212560.00 MB free, 134217728.00 MB total
[2020.11.21-15.00.05:846][  0]LogWindows: WindowsPlatformFeatures enabled
[2020.11.21-15.00.06:203][  0]LogInit: Physics initialised using underlying interface: PhysX
[2020.11.21-15.00.06:219][  0]LogInit: Using OS detected language (ru-RU).
[2020.11.21-15.00.06:219][  0]LogInit: Using OS detected locale (ru-RU).
[2020.11.21-15.00.06:219][  0]LogTextLocalizationManager: No specific localization for 'ru-RU' exists, so the 'ru' localization will be used.
[2020.11.21-15.00.06:221][  0]LogTextLocalizationResource: LocRes '../../../Engine/Content/Localization/Editor/ru/Editor.locres' could not be opened for reading!
[2020.11.21-15.00.06:221][  0]LogTextLocalizationResource: LocRes '../../../Engine/Content/Localization/EditorTutorials/ru/EditorTutorials.locres' could not be opened for reading!
[2020.11.21-15.00.06:221][  0]LogTextLocalizationResource: LocRes '../../../Engine/Content/Localization/Keywords/ru/Keywords.locres' could not be opened for reading!
[2020.11.21-15.00.06:221][  0]LogTextLocalizationResource: LocRes '../../../Engine/Content/Localization/Category/ru/Category.locres' could not be opened for reading!
[2020.11.21-15.00.06:246][  0]LogTextLocalizationResource: LocRes '../../../Engine/Content/Localization/ToolTips/ru/ToolTips.locres' could not be opened for reading!
[2020.11.21-15.00.06:246][  0]LogTextLocalizationResource: LocRes '../../../Engine/Content/Localization/PropertyNames/ru/PropertyNames.locres' could not be opened for reading!
[2020.11.21-15.00.06:246][  0]LogTextLocalizationResource: LocRes '../../../Engine/Content/Localization/Engine/ru/Engine.locres' could not be opened for reading!
[2020.11.21-15.00.06:486][  0]LogSlate: New Slate User Created.  User Index 0, Is Virtual User: 0
[2020.11.21-15.00.06:486][  0]LogSlate: Slate User Registered.  User Index 0, Is Virtual User: 0
[2020.11.21-15.00.06:503][  0]LogHMD: Failed to initialize OpenVR with code 110
[2020.11.21-15.00.06:503][  0]LogD3D11RHI: D3D11 min allowed feature level: 11_0
[2020.11.21-15.00.06:503][  0]LogD3D11RHI: D3D11 max allowed feature level: 11_0
[2020.11.21-15.00.06:503][  0]LogD3D11RHI: D3D11 adapters:
[2020.11.21-15.00.06:563][  0]LogD3D11RHI:    0. 'NVIDIA GeForce RTX 2070' (Feature Level 11_0)
[2020.11.21-15.00.06:563][  0]LogD3D11RHI:       8031/0/8114 MB DedicatedVideo/DedicatedSystem/SharedSystem, Outputs:1, VendorId:0x10de
[2020.11.21-15.00.06:589][  0]LogD3D11RHI:    1. 'Intel(R) UHD Graphics 630' (Feature Level 11_0)
[2020.11.21-15.00.06:589][  0]LogD3D11RHI:       128/0/8114 MB DedicatedVideo/DedicatedSystem/SharedSystem, Outputs:0, VendorId:0x8086
[2020.11.21-15.00.06:591][  0]LogD3D11RHI:    2. 'Microsoft Basic Render Driver' (Feature Level 11_0)
[2020.11.21-15.00.06:591][  0]LogD3D11RHI:       0/0/8114 MB DedicatedVideo/DedicatedSystem/SharedSystem, Outputs:0, VendorId:0x1414
[2020.11.21-15.00.06:591][  0]LogD3D11RHI: Chosen D3D11 Adapter: 0
[2020.11.21-15.00.06:607][  0]LogD3D11RHI: Creating new Direct3DDevice
[2020.11.21-15.00.06:607][  0]LogD3D11RHI:     GPU DeviceId: 0x1f10 (for the marketing name, search the web for "GPU Device Id")
[2020.11.21-15.00.06:608][  0]LogWindows: EnumDisplayDevices:
[2020.11.21-15.00.06:608][  0]LogWindows:    0. 'Intel(R) UHD Graphics 630' (P:1 D:1)
[2020.11.21-15.00.06:609][  0]LogWindows:    1. 'Intel(R) UHD Graphics 630' (P:0 D:0)
[2020.11.21-15.00.06:609][  0]LogWindows:    2. 'Intel(R) UHD Graphics 630' (P:0 D:0)
[2020.11.21-15.00.06:609][  0]LogWindows:    3. 'NVIDIA GeForce RTX 2070' (P:0 D:0)
[2020.11.21-15.00.06:609][  0]LogWindows:    4. 'NVIDIA GeForce RTX 2070' (P:0 D:0)
[2020.11.21-15.00.06:609][  0]LogWindows:    5. 'NVIDIA GeForce RTX 2070' (P:0 D:0)
[2020.11.21-15.00.06:609][  0]LogWindows:    6. 'NVIDIA GeForce RTX 2070' (P:0 D:0)
[2020.11.21-15.00.06:609][  0]LogWindows: DebugString: PrimaryIsNotTheChoosenAdapter PrimaryIsNotTheChoosenAdapter PrimaryIsNotTheChoosenAdapter FoundDriverCount:4 
[2020.11.21-15.00.06:609][  0]LogD3D11RHI:     Adapter Name: NVIDIA GeForce RTX 2070
[2020.11.21-15.00.06:609][  0]LogD3D11RHI:   Driver Version: 442.59 (internal:26.21.14.4259, unified:442.59)
[2020.11.21-15.00.06:609][  0]LogD3D11RHI:      Driver Date: 3-4-2020
[2020.11.21-15.00.06:609][  0]LogRHI: Texture pool is 5621 MB (70% of 8031 MB)
[2020.11.21-15.00.06:653][  0]LogD3D11RHI: RHI has support for 64 bit atomics
[2020.11.21-15.00.06:654][  0]LogD3D11RHI: Async texture creation enabled
[2020.11.21-15.00.06:654][  0]LogD3D11RHI: Array index from any shader is supported
[2020.11.21-15.00.06:721][  0]LogD3D11RHI: GPU Timing Frequency: 1000.000000 (Debug: 2 1)
[2020.11.21-15.00.07:169][  0]LogTargetPlatformManager: Display: Loaded TargetPlatform 'WindowsNoEditor'
[2020.11.21-15.00.07:180][  0]LogTargetPlatformManager: Display: Loaded TargetPlatform 'Windows'
[2020.11.21-15.00.07:195][  0]LogTargetPlatformManager: Display: Loaded TargetPlatform 'WindowsClient'
[2020.11.21-15.00.07:203][  0]LogTargetPlatformManager: Display: Loaded TargetPlatform 'WindowsServer'
[2020.11.21-15.00.07:203][  0]LogTargetPlatformManager: Display: Building Assets For Windows
[2020.11.21-15.00.07:257][  0]LogAudioDebug: Display: Lib vorbis DLL was dynamically loaded.
[2020.11.21-15.00.07:615][  0]LogShaderCompilers: Guid format shader working directory is 13 characters bigger than the processId version (C:/Users/ObuhV/Desktop/MyProject/Intermediate/Shaders/WorkingDirectory/16576/).
[2020.11.21-15.00.07:615][  0]LogShaderCompilers: Cleaned the shader compiler working directory 'C:/Users/ObuhV/AppData/Local/Temp/UnrealShaderWorkingDir/49E239E84EDBB660A150ECAB54BB8378/'.
[2020.11.21-15.00.07:625][  0]LogXGEController: Cannot use XGE Controller as Incredibuild is not installed on this machine.
[2020.11.21-15.00.07:625][  0]LogShaderCompilers: Cannot use XGE Shader Compiler as Incredibuild is not installed on this machine.
[2020.11.21-15.00.07:625][  0]LogShaderCompilers: Display: Using Local Shader Compiler.
[2020.11.21-15.00.08:220][  0]LogDerivedDataCache: Display: Max Cache Size: 512 MB
[2020.11.21-15.00.08:330][  0]LogDerivedDataCache: Loaded boot cache 0.11s 75MB C:/Users/ObuhV/AppData/Local/UnrealEngine/4.25/DerivedDataCache/Boot.ddc.
[2020.11.21-15.00.08:330][  0]LogDerivedDataCache: Display: Loaded Boot cache: C:/Users/ObuhV/AppData/Local/UnrealEngine/4.25/DerivedDataCache/Boot.ddc
[2020.11.21-15.00.08:330][  0]LogDerivedDataCache: FDerivedDataBackendGraph:  Pak pak cache file C:/Users/ObuhV/Desktop/MyProject/DerivedDataCache/DDC.ddp not found, will not use a pak cache.
[2020.11.21-15.00.08:330][  0]LogDerivedDataCache: Unable to find inner node Pak for hierarchical cache Hierarchy.
[2020.11.21-15.00.08:330][  0]LogDerivedDataCache: FDerivedDataBackendGraph:  CompressedPak pak cache file C:/Users/ObuhV/Desktop/MyProject/DerivedDataCache/Compressed.ddp not found, will not use a pak cache.
[2020.11.21-15.00.08:330][  0]LogDerivedDataCache: Unable to find inner node CompressedPak for hierarchical cache Hierarchy.
[2020.11.21-15.00.08:389][  0]LogDerivedDataCache: Display: Pak cache opened for reading ../../../Engine/DerivedDataCache/Compressed.ddp.
[2020.11.21-15.00.08:389][  0]LogDerivedDataCache: FDerivedDataBackendGraph:  EnterprisePak pak cache file ../../../Enterprise/DerivedDataCache/Compressed.ddp not found, will not use a pak cache.
[2020.11.21-15.00.08:389][  0]LogDerivedDataCache: Unable to find inner node EnterprisePak for hierarchical cache Hierarchy.
[2020.11.21-15.00.08:391][  0]LogDerivedDataCache: Using Local data cache path C:/Users/ObuhV/AppData/Local/UnrealEngine/Common/DerivedDataCache: Writable
[2020.11.21-15.00.08:391][  0]LogDerivedDataCache: Shared data cache path not found in *engine.ini, will not use an Shared cache.
[2020.11.21-15.00.08:391][  0]LogDerivedDataCache: Unable to find inner node Shared for hierarchical cache Hierarchy.
[2020.11.21-15.00.08:446][  0]LogSlate: Using FreeType 2.10.0
[2020.11.21-15.00.08:512][  0]LogSlate: SlateFontServices - WITH_FREETYPE: 1, WITH_HARFBUZZ: 1
[2020.11.21-15.00.08:965][  0]LogInit: Using OS detected language (ru-RU).
[2020.11.21-15.00.08:965][  0]LogInit: Using OS detected locale (ru-RU).
[2020.11.21-15.00.08:966][  0]LogTextLocalizationManager: No localization for 'ru-RU' exists, so 'en' will be used for the language.
[2020.11.21-15.00.08:966][  0]LogTextLocalizationManager: No localization for 'ru-RU' exists, so 'en' will be used for the locale.
[2020.11.21-15.00.08:966][  0]LogSlate: FontCache flush requested. Reason: Culture for localization was changed
[2020.11.21-15.00.08:966][  0]LogSlate: FontCache flush requested. Reason: Culture for localization was changed
[2020.11.21-15.00.08:966][  0]LogTextLocalizationManager: Compacting localization data took   0.00ms
[2020.11.21-15.00.08:981][  0]LogAssetRegistry: FAssetRegistry took 0.0026 seconds to start up
[2020.11.21-15.00.09:679][  0]LogPackageLocalizationCache: Processed 19 localized package path(s) for 1 prioritized culture(s) in 0.000559 seconds
[2020.11.21-15.00.09:724][  0]LogInit: Selected Device Profile: [Windows]
[2020.11.21-15.00.10:187][  0]LogMeshReduction: Using QuadricMeshReduction for automatic static mesh reduction
[2020.11.21-15.00.10:187][  0]LogMeshReduction: Using SimplygonMeshReduction for automatic skeletal mesh reduction
[2020.11.21-15.00.10:187][  0]LogMeshReduction: Using ProxyLODMeshReduction for automatic mesh merging
[2020.11.21-15.00.10:188][  0]LogMeshReduction: No distributed automatic mesh merging module available
[2020.11.21-15.00.10:188][  0]LogMeshMerging: No distributed automatic mesh merging module available
[2020.11.21-15.00.10:251][  0]LogNetVersion: MyProject 1.0.0, NetCL: 13144385, EngineNetVer: 14, GameNetVer: 0 (Checksum: 709303259)
[2020.11.21-15.00.11:067][  0]LogAISub: UAISubsystem::UAISubsystem AISubsystem (00000219EEDD9680), frame # 0
[2020.11.21-15.00.11:067][  0]LogAISub: UAISubsystem::UAISubsystem AIPerceptionSystem (00000219EEC73600), frame # 0
[2020.11.21-15.00.11:075][  0]LogAISub: UAISubsystem::UAISubsystem EnvQueryManager (00000219EEDE1E00), frame # 0
[2020.11.21-15.00.12:285][  0]LogCollectionManager: Loaded 0 collections in 0.000600 seconds
[2020.11.21-15.00.12:292][  0]LogFileCache: Scanning file cache for directory 'C:/Users/ObuhV/Desktop/MyProject/Saved/Collections/' took 0.00s
[2020.11.21-15.00.12:292][  0]LogFileCache: Scanning file cache for directory 'C:/Users/ObuhV/Desktop/MyProject/Content/Developers/ObuhV/Collections/' took 0.00s
[2020.11.21-15.00.12:292][  0]LogFileCache: Scanning file cache for directory 'C:/Users/ObuhV/Desktop/MyProject/Content/Collections/' took 0.00s
[2020.11.21-15.00.12:292][  0]LogCollectionManager: Fixed up redirectors for 0 collections in 0.000003 seconds (updated 0 objects)
[2020.11.21-15.00.12:814][  0]LogMoviePlayer: Initializing movie player
[2020.11.21-15.00.13:672][  0]LogTcpMessaging: Initializing TcpMessaging bridge
[2020.11.21-15.00.13:692][  0]LogUdpMessaging: Initializing bridge on interface 0.0.0.0:0 to multicast group 230.0.0.1:6666.
[2020.11.21-15.00.13:742][  0]LogMaterial: Display: Missing cached shader map for material DefaultMaterial, compiling. 
[2020.11.21-15.00.14:209][  0]LogShaderCompilers: Display: Worker (1/9): shaders left to compile 315
[2020.11.21-15.00.14:209][  0]LogShaderCompilers: Display: Worker (2/9): shaders left to compile 305
[2020.11.21-15.00.14:209][  0]LogShaderCompilers: Display: Worker (3/9): shaders left to compile 295
[2020.11.21-15.00.14:209][  0]LogShaderCompilers: Display: Worker (4/9): shaders left to compile 285
[2020.11.21-15.00.14:209][  0]LogShaderCompilers: Display: Worker (5/9): shaders left to compile 275
[2020.11.21-15.00.14:209][  0]LogShaderCompilers: Display: Worker (6/9): shaders left to compile 265
[2020.11.21-15.00.14:209][  0]LogShaderCompilers: Display: Worker (7/9): shaders left to compile 255
[2020.11.21-15.00.14:209][  0]LogShaderCompilers: Display: Worker (8/9): shaders left to compile 245
[2020.11.21-15.00.14:209][  0]LogShaderCompilers: Display: Worker (9/9): shaders left to compile 235
[2020.11.21-15.00.14:209][  0]SourceControl: Source control is disabled
[2020.11.21-15.00.14:209][  0]SourceControl: Source control is disabled
[2020.11.21-15.00.14:252][  0]SourceControl: Source control is disabled
[2020.11.21-15.00.14:333][  0]LogVSAccessor: Display: Unable to create Visual Studio setup instance: 80040154
[2020.11.21-15.00.14:334][  0]LogVSAccessor: Display: Unable to create Visual Studio setup instance: 80040154
[2020.11.21-15.00.14:640][  0]LogMaterial: Display: Missing cached shader map for material M_VolumeRenderSphereTracePP, compiling. 
[2020.11.21-15.00.15:051][  0]LogAndroidPermission: UAndroidPermissionCallbackProxy::GetInstance
[2020.11.21-15.00.15:115][  0]LogAudioCaptureCore: Display: No Audio Capture implementations found. Audio input will be silent.
[2020.11.21-15.00.15:115][  0]LogAudioCaptureCore: Display: No Audio Capture implementations found. Audio input will be silent.
[2020.11.21-15.00.15:251][  0]LogMaterial: Display: Missing cached shader map for material OculusMR_WhiteMaterial, compiling. 
[2020.11.21-15.00.15:323][  0]LogMaterial: Display: Missing cached shader map for material OculusMR_ChromaKey_Lit, compiling. 
[2020.11.21-15.00.15:342][  0]LogMaterial: Display: Missing cached shader map for material OculusMR_OpaqueColoredMaterial, compiling. 
[2020.11.21-15.00.15:345][  0]LogOcInput: OculusInput pre-init called
[2020.11.21-15.00.15:412][  0]LogUObjectArray: 19064 objects as part of root set at end of initial load.
[2020.11.21-15.00.15:412][  0]LogUObjectAllocator: 5015424 out of 0 bytes used by permanent object pool.
[2020.11.21-15.00.15:412][  0]LogUObjectArray: CloseDisregardForGC: 0/0 objects in disregard for GC pool
[2020.11.21-15.00.15:470][  0]LogMaterial: Display: Missing cached shader map for material HighResScreenshotMask, compiling. 
[2020.11.21-15.00.15:485][  0]LogMaterial: Display: Missing cached shader map for material HighResScreenshotCaptureRegion, compiling. 
[2020.11.21-15.00.15:720][  0]LogEngine: Initializing Engine...
[2020.11.21-15.00.15:722][  0]LogHMD: Failed to initialize OpenVR with code 110
[2020.11.21-15.00.15:734][  0]LogMagicLeap: Warning: VR disabled because ZI is not enabled.  To enable, in the editor, Edit -> Project Settings -> Plugins -> Magic Leap Plugin -> Enable Zero Iteration
[2020.11.21-15.00.15:736][  0]LogStats: UGameplayTagsManager::InitializeManager -  0.000 s
[2020.11.21-15.00.15:752][  0]LogMaterial: Display: Missing cached shader map for material LevelColorationLitMaterial, compiling. Is special engine material.
[2020.11.21-15.00.16:228][  0]LogMaterial: Display: Missing cached shader map for material LevelColorationUnlitMaterial, compiling. Is special engine material.
[2020.11.21-15.00.16:284][  0]LogMaterial: Display: Missing cached shader map for material MAT_LevelColorationLitLightmapUV, compiling. Is special engine material.
[2020.11.21-15.00.16:671][  0]LogMaterial: Display: Missing cached shader map for material ShadedLevelColorationLitMaterial, compiling. Is special engine material.
[2020.11.21-15.00.17:058][  0]LogMaterial: Display: Missing cached shader map for material ShadedLevelColorationUnlitMateri, compiling. Is special engine material.
[2020.11.21-15.00.17:116][  0]LogMaterial: Display: Missing cached shader map for material VertexColorMaterial, compiling. 
[2020.11.21-15.00.17:203][  0]LogMaterial: Display: Missing cached shader map for material VertexColorViewMode_ColorOnly, compiling. 
[2020.11.21-15.00.17:297][  0]LogMaterial: Display: Missing cached shader map for material VertexColorViewMode_AlphaAsColor, compiling. 
[2020.11.21-15.00.17:318][  0]LogMaterial: Display: Missing cached shader map for material VertexColorViewMode_RedOnly, compiling. 
[2020.11.21-15.00.17:338][  0]LogMaterial: Display: Missing cached shader map for material VertexColorViewMode_GreenOnly, compiling. 
[2020.11.21-15.00.17:348][  0]LogMaterial: Display: Missing cached shader map for material VertexColorViewMode_BlueOnly, compiling. 
[2020.11.21-15.00.17:387][  0]LogMaterial: Display: Missing cached shader map for material RemoveSurfaceMaterial, compiling. 
[2020.11.21-15.00.17:390][  0]LogMaterial: Display: Missing cached shader map for material DebugMeshMaterial, compiling. 
[2020.11.21-15.00.17:396][  0]LogMaterial: Display: Missing cached shader map for material EmissiveMeshMaterial, compiling. 
[2020.11.21-15.00.17:404][  0]LogMaterial: Display: Missing cached shader map for material M_InvalidLightmapSettings, compiling. 
[2020.11.21-15.00.17:435][  0]LogMaterial: Display: Missing cached shader map for material GizmoMaterial, compiling. 
[2020.11.21-15.00.17:442][  0]LogMaterial: Display: Missing cached shader map for material PhAT_JointLimitMaterial, compiling. 
[2020.11.21-15.00.17:550][  0]LogInit: Initializing FReadOnlyCVARCache
[2020.11.21-15.00.17:589][  0]LogAudioMixer: Display: Audio Mixer Platform Settings:
[2020.11.21-15.00.17:589][  0]LogAudioMixer: Display: 	Sample Rate:						  48000
[2020.11.21-15.00.17:589][  0]LogAudioMixer: Display: 	Callback Buffer Frame Size Requested: 1024
[2020.11.21-15.00.17:589][  0]LogAudioMixer: Display: 	Callback Buffer Frame Size To Use:	  1024
[2020.11.21-15.00.17:589][  0]LogAudioMixer: Display: 	Number of buffers to queue:			  2
[2020.11.21-15.00.17:589][  0]LogAudioMixer: Display: 	Max Channels (voices):				  32
[2020.11.21-15.00.17:589][  0]LogAudioMixer: Display: 	Number of Async Source Workers:		  0
[2020.11.21-15.00.17:589][  0]LogAudio: Display: AudioDevice MaxSources: 32
[2020.11.21-15.00.17:590][  0]LogAudio: Display: Using built-in audio occlusion.
[2020.11.21-15.00.17:590][  0]LogAudioMixer: Display: Initializing audio mixer.
[2020.11.21-15.00.17:777][  0]LogAudioMixer: Display: 0: FrontLeft
[2020.11.21-15.00.17:777][  0]LogAudioMixer: Display: 1: FrontRight
[2020.11.21-15.00.17:777][  0]LogAudioMixer: Display: 2: FrontCenter
[2020.11.21-15.00.17:777][  0]LogAudioMixer: Display: 3: LowFrequency
[2020.11.21-15.00.17:777][  0]LogAudioMixer: Display: 4: BackLeft
[2020.11.21-15.00.17:778][  0]LogAudioMixer: Display: 5: BackRight
[2020.11.21-15.00.17:778][  0]LogAudioMixer: Display: 6: SideLeft
[2020.11.21-15.00.17:778][  0]LogAudioMixer: Display: 7: SideRight
[2020.11.21-15.00.18:152][  0]LogAudioMixer: Display: Using Audio Device Динамики (Realtek(R) Audio)
[2020.11.21-15.00.18:161][  0]LogAudioMixer: Display: Initializing Sound Submixes...
[2020.11.21-15.00.18:162][  0]LogAudioMixer: Display: Creating Master Submix 'MasterSubmixDefault'
[2020.11.21-15.00.18:162][  0]LogAudioMixer: Display: Creating Master Submix 'MasterReverbSubmixDefault'
[2020.11.21-15.00.18:164][  0]LogAudioMixer: Display: Creating Master Submix 'MasterEQSubmixDefault'
[2020.11.21-15.00.18:165][  0]LogInit: FAudioDevice initialized.
[2020.11.21-15.00.18:182][  0]LogNetVersion: Set ProjectVersion to 1.0.0.0. Version Checksum will be recalculated on next use.
[2020.11.21-15.00.18:192][  0]LogInit: Texture streaming: Enabled
[2020.11.21-15.00.18:194][  0]LogMaterial: Display: Missing cached shader map for material BaseColor, compiling. 
[2020.11.21-15.00.18:198][  0]LogMaterial: Display: Missing cached shader map for material CustomDepth, compiling. 
[2020.11.21-15.00.18:228][  0]LogMaterial: Display: Missing cached shader map for material CustomStencil, compiling. 
[2020.11.21-15.00.18:232][  0]LogMaterial: Display: Missing cached shader map for material FinalImage, compiling. 
[2020.11.21-15.00.18:237][  0]LogMaterial: Display: Missing cached shader map for material LightingModel, compiling. 
[2020.11.21-15.00.18:242][  0]LogMaterial: Display: Missing cached shader map for material MaterialAO, compiling. 
[2020.11.21-15.00.18:246][  0]LogMaterial: Display: Missing cached shader map for material Metallic, compiling. 
[2020.11.21-15.00.18:251][  0]LogMaterial: Display: Missing cached shader map for material Opacity, compiling. 
[2020.11.21-15.00.18:255][  0]LogMaterial: Display: Missing cached shader map for material Roughness, compiling. 
[2020.11.21-15.00.18:260][  0]LogMaterial: Display: Missing cached shader map for material SceneColor, compiling. 
[2020.11.21-15.00.18:264][  0]LogMaterial: Display: Missing cached shader map for material SceneDepth, compiling. 
[2020.11.21-15.00.18:268][  0]LogMaterial: Display: Missing cached shader map for material SeparateTranslucencyRGB, compiling. 
[2020.11.21-15.00.18:272][  0]LogMaterial: Display: Missing cached shader map for material SeparateTranslucencyA, compiling. 
[2020.11.21-15.00.18:276][  0]LogMaterial: Display: Missing cached shader map for material Specular, compiling. 
[2020.11.21-15.00.18:280][  0]LogMaterial: Display: Missing cached shader map for material SubsurfaceColor, compiling. 
[2020.11.21-15.00.18:290][  0]LogMaterial: Display: Missing cached shader map for material WorldNormal, compiling. 
[2020.11.21-15.00.18:295][  0]LogMaterial: Display: Missing cached shader map for material AmbientOcclusion, compiling. 
[2020.11.21-15.00.18:301][  0]LogMaterial: Display: Missing cached shader map for material CustomDepthWorldUnits, compiling. 
[2020.11.21-15.00.18:306][  0]LogMaterial: Display: Missing cached shader map for material SceneDepthWorldUnits, compiling. 
[2020.11.21-15.00.18:310][  0]LogMaterial: Display: Missing cached shader map for material Velocity, compiling. 
[2020.11.21-15.00.18:315][  0]LogMaterial: Display: Missing cached shader map for material PreTonemapHDRColor, compiling. 
[2020.11.21-15.00.18:318][  0]LogMaterial: Display: Missing cached shader map for material PostTonemapHDRColor, compiling. 
[2020.11.21-15.00.18:491][  0]LogSlate: Updating window title bar state: overlay mode, drag disabled, window buttons hidden, title bar hidden
[2020.11.21-15.00.18:491][  0]LogInit: Display: Game Engine Initialized.
[2020.11.21-15.00.18:507][  0]LogNiagaraEditor: Warning: GEditor isn't valid! Particle reset commands will not work for Niagara components!
[2020.11.21-15.00.18:614][  0]LogShaderCompilers: Display: Worker (9/9): shaders left to compile 3715
[2020.11.21-15.00.18:614][  0]LogInit: Display: Starting Game.
[2020.11.21-15.00.18:625][  0]LogNet: Browse: /Game/ThirdPersonBP/Maps/ThirdPersonExampleMap?Name=Player
[2020.11.21-15.00.18:627][  0]LogLoad: LoadMap: /Game/ThirdPersonBP/Maps/ThirdPersonExampleMap?Name=Player
[2020.11.21-15.00.18:627][  0]LogWorld: BeginTearingDown for /Temp/Untitled_0
[2020.11.21-15.00.18:629][  0]LogWorld: UWorld::CleanupWorld for Untitled, bSessionEnded=true, bCleanupResources=true
[2020.11.21-15.00.18:629][  0]LogSlate: InvalidateAllWidgets triggered.  All widgets were invalidated
[2020.11.21-15.00.18:642][  0]LogUObjectHash: Compacting FUObjectHashTables data took   1.19ms
[2020.11.21-15.00.18:984][  0]LogShaderCompilers: Display: Worker (3/9): shaders left to compile 3705
[2020.11.21-15.00.18:984][  0]LogShaderCompilers: Display: Worker (7/9): shaders left to compile 3695
[2020.11.21-15.00.18:984][  0]LogShaderCompilers: Display: Worker (8/9): shaders left to compile 3685
[2020.11.21-15.00.18:984][  0]LogShaderCompilers: Display: Worker (4/9): shaders left to compile 3675
[2020.11.21-15.00.18:984][  0]LogShaderCompilers: Display: Worker (6/9): shaders left to compile 3665
[2020.11.21-15.00.18:984][  0]LogMaterial: Display: Missing cached shader map for material LightFun, compiling. 
[2020.11.21-15.00.19:003][  0]LogMaterial: Display: Missing cached shader map for material CubeMaterial, compiling. 
[2020.11.21-15.00.19:085][  0]LogShaderCompilers: Display: Worker (1/9): shaders left to compile 3685
[2020.11.21-15.00.19:086][  0]LogMaterial: Display: Missing cached shader map for material M_Sky_Panning_Clouds2, compiling. 
[2020.11.21-15.00.19:172][  0]LogShaderCompilers: Display: Worker (2/9): shaders left to compile 3732
[2020.11.21-15.00.19:243][  0]LogShaderCompilers: Display: Worker (5/9): shaders left to compile 3722
[2020.11.21-15.00.19:243][  0]LogAIModule: Creating AISystem for world ThirdPersonExampleMap
[2020.11.21-15.00.19:244][  0]LogAISub: UAISubsystem::UAISubsystem EnvQueryManager (000002198D993C00), frame # 0
[2020.11.21-15.00.19:244][  0]LogAISub: UAISubsystem::UAISubsystem AIPerceptionSystem (0000021997383380), frame # 0
[2020.11.21-15.00.19:247][  0]LogLoad: Game class is 'ThirdPersonGameMode_C'
[2020.11.21-15.00.19:261][  0]LogWorld: Bringing World /Game/ThirdPersonBP/Maps/ThirdPersonExampleMap.ThirdPersonExampleMap up for play (max tick rate 0) at 2020.11.21-18.00.19
[2020.11.21-15.00.19:262][  0]LogWorld: Bringing up level for play took: 0.013016
[2020.11.21-15.00.19:269][  0]LogLoad: Took 0.641221 seconds to LoadMap(/Game/ThirdPersonBP/Maps/ThirdPersonExampleMap)
[2020.11.21-15.00.19:321][  0]LogRenderer: Reallocating scene render targets to support 1280x720 Format 10 NumSamples 1 (Frame:1).
[2020.11.21-15.00.19:321][  0]LogSlate: Took 0.017038 seconds to synchronously load lazily loaded font '../../../Engine/Content/Slate/Fonts/Roboto-Regular.ttf' (155K)
[2020.11.21-15.00.19:506][  0]LogLoad: (Engine Initialization) Total time: 23.82 seconds
[2020.11.21-15.00.19:506][  0]LogLoad: (Engine Initialization) Total Blueprint compile time: 0.00 seconds
[2020.11.21-15.00.19:530][  0]LogSlate: Window 'MyProject (64-bit Development PCD3D_ES31) ' being destroyed
[2020.11.21-15.00.19:531][  0]LogWindowsTextInputMethodSystem: Display: IME system now deactivated.
[2020.11.21-15.00.19:535][  0]LogWindowsTextInputMethodSystem: Display: IME system now deactivated.
[2020.11.21-15.00.19:537][  0]LogSlate: Updating window title bar state: overlay mode, drag disabled, window buttons hidden, title bar hidden
[2020.11.21-15.00.19:537][  0]LogEngine: All Windows Closed
[2020.11.21-15.00.19:537][  0]LogWindows: FPlatformMisc::RequestExit(0)
[2020.11.21-15.00.19:537][  0]LogCore: Engine exit requested (reason: Win RequestExit)
[2020.11.21-15.00.19:566][  0]LogSlate: InvalidateAllWidgets triggered.  All widgets were invalidated
[2020.11.21-15.00.19:579][  1]LogCore: Engine exit requested (reason: EngineExit() was called; note: exit was already requested)
[2020.11.21-15.00.19:594][  1]LogAudio: Display: Shutting down audio device while 2 references to it are still alive. For more information, compile with INSTRUMENT_AUDIODEVICE_HANDLES.
[2020.11.21-15.00.19:675][  1]LogInit: Display: PreExit Game.
[2020.11.21-15.00.19:756][  1]LogWorld: BeginTearingDown for /Game/ThirdPersonBP/Maps/ThirdPersonExampleMap
[2020.11.21-15.00.19:756][  1]LogWorld: UWorld::CleanupWorld for ThirdPersonExampleMap, bSessionEnded=true, bCleanupResources=true
[2020.11.21-15.00.19:757][  1]LogSlate: InvalidateAllWidgets triggered.  All widgets were invalidated
[2020.11.21-15.00.20:769][  1]LogExit: Preparing to exit.
[2020.11.21-15.00.21:706][  1]LogMoviePlayer: Shutting down movie player
[2020.11.21-15.00.22:152][  1]LogSlate: Updating window title bar state: overlay mode, drag disabled, window buttons hidden, title bar hidden
[2020.11.21-15.00.22:187][  1]LogDemo: Cleaned up 0 splitscreen connections with owner deletion
[2020.11.21-15.00.22:204][  1]LogExit: Game engine shut down
[2020.11.21-15.00.22:532][  1]LogShaderCompilers: Display: Worker (4/9): shaders left to compile 3712
[2020.11.21-15.00.22:532][  1]LogAISub: UAISubsystem::~UAISubsystem AISubsystem (00000219EEDD9680), frame # 1
[2020.11.21-15.00.22:532][  1]LogAISub: UAISubsystem::~UAISubsystem AIPerceptionSystem (00000219EEC73600), frame # 1
[2020.11.21-15.00.22:534][  1]LogAISub: UAISubsystem::~UAISubsystem EnvQueryManager (00000219EEDE1E00), frame # 1
[2020.11.21-15.00.23:230][  1]LogShaderCompilers: Display: Worker (7/9): shaders left to compile 3702
[2020.11.21-15.00.23:230][  1]LogShaderCompilers: Display: Worker (1/9): shaders left to compile 3692
[2020.11.21-15.00.23:230][  1]LogAISub: UAISubsystem::~UAISubsystem EnvQueryManager (000002198D993C00), frame # 1
[2020.11.21-15.00.23:230][  1]LogAISub: UAISubsystem::~UAISubsystem AIPerceptionSystem (0000021997383380), frame # 1
[2020.11.21-15.00.23:292][  1]LogExit: Object subsystem successfully closed.
[2020.11.21-15.00.23:531][  1]LogShaderCompilers: Display: Shaders left to compile 0
[2020.11.21-15.00.24:088][  1]LogModuleManager: Shutting down and abandoning module SequenceRecorderSections (502)
[2020.11.21-15.00.24:088][  1]LogModuleManager: Shutting down and abandoning module SequenceRecorder (500)
[2020.11.21-15.00.24:088][  1]LogModuleManager: Shutting down and abandoning module AutomationController (498)
[2020.11.21-15.00.24:092][  1]LogModuleManager: Shutting down and abandoning module AutomationWorker (496)
[2020.11.21-15.00.24:101][  1]LogModuleManager: Shutting down and abandoning module Voice (494)
[2020.11.21-15.00.24:112][  1]LogModuleManager: Shutting down and abandoning module AIModule (492)
[2020.11.21-15.00.24:112][  1]LogModuleManager: Shutting down and abandoning module GameplayDebugger (491)
[2020.11.21-15.00.24:120][  1]LogModuleManager: Shutting down and abandoning module AITestSuite (489)
[2020.11.21-15.00.24:120][  1]LogModuleManager: Shutting down and abandoning module NavigationSystem (487)
[2020.11.21-15.00.24:120][  1]LogModuleManager: Shutting down and abandoning module OculusMR (484)
[2020.11.21-15.00.24:120][  1]LogModuleManager: Shutting down and abandoning module WmfMediaFactory (482)
[2020.11.21-15.00.24:120][  1]LogModuleManager: Shutting down and abandoning module WebMMediaFactory (480)
[2020.11.21-15.00.24:120][  1]LogModuleManager: Shutting down and abandoning module WebMMedia (478)
[2020.11.21-15.00.24:120][  1]LogModuleManager: Shutting down and abandoning module OpenExrWrapper (476)
[2020.11.21-15.00.24:120][  1]LogModuleManager: Shutting down and abandoning module ImgMediaFactory (474)
[2020.11.21-15.00.24:120][  1]LogModuleManager: Shutting down and abandoning module AvfMediaFactory (472)
[2020.11.21-15.00.24:120][  1]LogModuleManager: Shutting down and abandoning module MagicLeapMediaCodecFactory (470)
[2020.11.21-15.00.24:120][  1]LogModuleManager: Shutting down and abandoning module MagicLeapMediaFactory (468)
[2020.11.21-15.00.24:120][  1]LogModuleManager: Shutting down and abandoning module PlanarCut (466)
[2020.11.21-15.00.24:134][  1]LogModuleManager: Shutting down and abandoning module CharacterAI (464)
[2020.11.21-15.00.24:134][  1]LogModuleManager: Shutting down and abandoning module SessionServices (462)
[2020.11.21-15.00.24:134][  1]LogModuleManager: Shutting down and abandoning module MovieSceneCapture (460)
[2020.11.21-15.00.24:146][  1]LogModuleManager: Shutting down and abandoning module LiveCoding (458)
[2020.11.21-15.00.24:154][  1]LogModuleManager: Shutting down and abandoning module LevelSequence (456)
[2020.11.21-15.00.24:154][  1]LogModuleManager: Shutting down and abandoning module MovieSceneTracks (454)
[2020.11.21-15.00.24:154][  1]LogModuleManager: Shutting down and abandoning module MovieScene (452)
[2020.11.21-15.00.24:154][  1]LogModuleManager: Shutting down and abandoning module StreamingPauseRendering (450)
[2020.11.21-15.00.24:154][  1]LogModuleManager: Shutting down and abandoning module PortalServices (448)
[2020.11.21-15.00.24:154][  1]LogModuleManager: Shutting down and abandoning module PortalRpc (446)
[2020.11.21-15.00.24:154][  1]LogModuleManager: Shutting down and abandoning module MessagingRpc (444)
[2020.11.21-15.00.24:154][  1]LogModuleManager: Shutting down and abandoning module AudioMixerXAudio2 (442)
[2020.11.21-15.00.24:154][  1]LogModuleManager: Shutting down and abandoning module AudioMixerCore (441)
[2020.11.21-15.00.24:154][  1]LogModuleManager: Shutting down and abandoning module ProfilerService (438)
[2020.11.21-15.00.24:231][  1]LogModuleManager: Shutting down and abandoning module TaskGraph (436)
[2020.11.21-15.00.24:247][  1]LogModuleManager: Shutting down and abandoning module Synthesis (434)
[2020.11.21-15.00.24:259][  1]LogModuleManager: Shutting down and abandoning module ProceduralMeshComponent (432)
[2020.11.21-15.00.24:259][  1]LogModuleManager: Shutting down and abandoning module OculusInput (430)
[2020.11.21-15.00.24:259][  1]LogModuleManager: Shutting down and abandoning module MobilePatchingUtils (428)
[2020.11.21-15.00.24:259][  1]LogModuleManager: Shutting down and abandoning module GooglePAD (426)
[2020.11.21-15.00.24:259][  1]LogModuleManager: Shutting down and abandoning module EditableMesh (424)
[2020.11.21-15.00.24:260][  1]LogModuleManager: Shutting down and abandoning module CustomMeshComponent (422)
[2020.11.21-15.00.24:260][  1]LogModuleManager: Shutting down and abandoning module CableComponent (420)
[2020.11.21-15.00.24:260][  1]LogModuleManager: Shutting down and abandoning module AudioCapture (418)
[2020.11.21-15.00.24:260][  1]LogModuleManager: Shutting down and abandoning module AudioCaptureRtAudio (417)
[2020.11.21-15.00.24:260][  1]LogModuleManager: Shutting down and abandoning module AssetTags (414)
[2020.11.21-15.00.24:260][  1]LogModuleManager: Shutting down and abandoning module ArchVisCharacter (412)
[2020.11.21-15.00.24:260][  1]LogModuleManager: Shutting down and abandoning module AppleImageUtilsBlueprintSupport (410)
[2020.11.21-15.00.24:260][  1]LogModuleManager: Shutting down and abandoning module AppleImageUtils (408)
[2020.11.21-15.00.24:260][  1]LogModuleManager: Shutting down and abandoning module AndroidPermission (406)
[2020.11.21-15.00.24:260][  1]LogModuleManager: Shutting down and abandoning module NUTUnrealEngine4 (404)
[2020.11.21-15.00.24:260][  1]LogModuleManager: Shutting down and abandoning module NetcodeUnitTest (402)
[2020.11.21-15.00.24:279][  1]LogModuleManager: Shutting down and abandoning module TemplateSequence (400)
[2020.11.21-15.00.24:279][  1]LogModuleManager: Shutting down and abandoning module MovieRenderPipelineRenderPasses (398)
[2020.11.21-15.00.24:291][  1]LogModuleManager: Shutting down and abandoning module MovieRenderPipelineSettings (396)
[2020.11.21-15.00.24:291][  1]LogModuleManager: Shutting down and abandoning module MovieRenderPipelineCore (394)
[2020.11.21-15.00.24:291][  1]LogModuleManager: Shutting down and abandoning module ImageWriteQueue (393)
[2020.11.21-15.00.24:294][  1]LogModuleManager: Shutting down and abandoning module MediaCompositing (390)
[2020.11.21-15.00.24:294][  1]LogModuleManager: Shutting down and abandoning module ImgMedia (388)
[2020.11.21-15.00.24:294][  1]LogModuleManager: Shutting down and abandoning module MagicLeapSharedWorld (386)
[2020.11.21-15.00.24:294][  1]LogModuleManager: Shutting down and abandoning module MagicLeapLightEstimation (384)
[2020.11.21-15.00.24:294][  1]LogModuleManager: Shutting down and abandoning module MagicLeapHelperVulkan (382)
[2020.11.21-15.00.24:294][  1]LogModuleManager: Shutting down and abandoning module MagicLeapHelperOpenGL (380)
[2020.11.21-15.00.24:294][  1]LogModuleManager: Shutting down and abandoning module MagicLeapAudio (378)
[2020.11.21-15.00.24:294][  1]LogModuleManager: Shutting down and abandoning module MeshSolverUtilities (376)
[2020.11.21-15.00.24:301][  1]LogModuleManager: Shutting down and abandoning module MeshConversion (374)
[2020.11.21-15.00.24:301][  1]LogModuleManager: Shutting down and abandoning module DynamicMesh (372)
[2020.11.21-15.00.24:302][  1]LogModuleManager: Shutting down and abandoning module GeometryAlgorithms (370)
[2020.11.21-15.00.24:303][  1]LogModuleManager: Shutting down and abandoning module GeometricObjects (368)
[2020.11.21-15.00.24:303][  1]LogModuleManager: Shutting down and abandoning module GeometryCollectionTracks (366)
[2020.11.21-15.00.24:303][  1]LogModuleManager: Shutting down and abandoning module GeometryCollectionSequencer (365)
[2020.11.21-15.00.24:312][  1]LogModuleManager: Shutting down and abandoning module GeometryCacheTracks (362)
[2020.11.21-15.00.24:312][  1]LogModuleManager: Shutting down and abandoning module GeometryCacheSequencer (361)
[2020.11.21-15.00.24:312][  1]LogModuleManager: Shutting down and abandoning module GeometryCache (358)
[2020.11.21-15.00.24:312][  1]LogModuleManager: Shutting down and abandoning module GeometryCacheEd (357)
[2020.11.21-15.00.24:312][  1]LogModuleManager: Shutting down and abandoning module ChaosNiagara (354)
[2020.11.21-15.00.24:312][  1]LogModuleManager: Shutting down and abandoning module ChaosCloth (352)
[2020.11.21-15.00.24:312][  1]LogModuleManager: Shutting down and abandoning module BackChannel (350)
[2020.11.21-15.00.24:312][  1]LogModuleManager: Shutting down and abandoning module AutomationUtils (348)
[2020.11.21-15.00.24:320][  1]LogModuleManager: Shutting down and abandoning module VisualStudioSourceCodeAccess (346)
[2020.11.21-15.00.24:320][  1]LogModuleManager: Shutting down and abandoning module HotReload (345)
[2020.11.21-15.00.24:320][  1]LogModuleManager: Shutting down and abandoning module VisualStudioCodeSourceCodeAccess (342)
[2020.11.21-15.00.24:320][  1]LogModuleManager: Shutting down and abandoning module UObjectPlugin (340)
[2020.11.21-15.00.24:320][  1]LogModuleManager: Shutting down and abandoning module SubversionSourceControl (338)
[2020.11.21-15.00.24:330][  1]LogModuleManager: Shutting down and abandoning module RiderSourceCodeAccess (336)
[2020.11.21-15.00.24:330][  1]LogModuleManager: Shutting down and abandoning module PerforceSourceControl (334)
[2020.11.21-15.00.24:345][  1]LogModuleManager: Shutting down and abandoning module SourceControl (333)
[2020.11.21-15.00.24:364][  1]LogModuleManager: Shutting down and abandoning module CLionSourceCodeAccess (330)
[2020.11.21-15.00.24:364][  1]LogModuleManager: Shutting down and abandoning module ActorLayerUtilities (328)
[2020.11.21-15.00.24:364][  1]LogModuleManager: Shutting down and abandoning module SoundFields (326)
[2020.11.21-15.00.24:364][  1]LogModuleManager: Shutting down and abandoning module SignificanceManager (324)
[2020.11.21-15.00.24:364][  1]LogModuleManager: Shutting down and abandoning module RuntimePhysXCooking (322)
[2020.11.21-15.00.24:364][  1]LogModuleManager: Shutting down and abandoning module PhysXVehiclesEditor (320)
[2020.11.21-15.00.24:364][  1]LogModuleManager: Shutting down and abandoning module LocationServicesBPLibrary (316)
[2020.11.21-15.00.24:364][  1]LogModuleManager: Shutting down and abandoning module ActorSequence (314)
[2020.11.21-15.00.24:364][  1]LogModuleManager: Shutting down and abandoning module UdpMessaging (312)
[2020.11.21-15.00.24:464][  1]LogModuleManager: Shutting down and abandoning module TcpMessaging (310)
[2020.11.21-15.00.24:577][  1]LogModuleManager: Shutting down and abandoning module MagicLeapARPin (308)
[2020.11.21-15.00.24:577][  1]LogModuleManager: Shutting down and abandoning module MagicLeapHandMeshing (306)
[2020.11.21-15.00.24:577][  1]LogModuleManager: Shutting down and abandoning module MagicLeapSecureStorage (304)
[2020.11.21-15.00.24:577][  1]LogModuleManager: Shutting down and abandoning module MagicLeapPrivileges (302)
[2020.11.21-15.00.24:577][  1]LogModuleManager: Shutting down and abandoning module MagicLeapPlanes (300)
[2020.11.21-15.00.24:577][  1]LogMagicLeapPlanes: Planes tracker already destroyed.
[2020.11.21-15.00.24:577][  1]LogModuleManager: Shutting down and abandoning module MagicLeapImageTracker (298)
[2020.11.21-15.00.24:577][  1]LogModuleManager: Shutting down and abandoning module MagicLeapIdentity (296)
[2020.11.21-15.00.24:577][  1]LogModuleManager: Shutting down and abandoning module MagicLeapHandTracking (294)
[2020.11.21-15.00.24:577][  1]LogModuleManager: Shutting down and abandoning module MagicLeapEyeTracker (292)
[2020.11.21-15.00.24:577][  1]LogModuleManager: Shutting down and abandoning module MagicLeapController (290)
[2020.11.21-15.00.24:588][  1]LogSlate: Slate User Destroyed.  User Index 0, Is Virtual User: 0
[2020.11.21-15.00.24:588][  1]LogModuleManager: Shutting down and abandoning module MagicLeapARPinImpl (288)
[2020.11.21-15.00.24:588][  1]LogModuleManager: Shutting down and abandoning module MagicLeapAR (286)
[2020.11.21-15.00.24:588][  1]LogModuleManager: Shutting down and abandoning module AugmentedReality (285)
[2020.11.21-15.00.24:588][  1]LogModuleManager: Shutting down and abandoning module NiagaraAnimNotifies (282)
[2020.11.21-15.00.24:588][  1]LogModuleManager: Shutting down and abandoning module Niagara (280)
[2020.11.21-15.00.24:602][  1]LogModuleManager: Shutting down and abandoning module SignalProcessing (279)
[2020.11.21-15.00.24:602][  1]LogModuleManager: Shutting down and abandoning module NiagaraEditor (277)
[2020.11.21-15.00.24:620][  1]LogModuleManager: Shutting down and abandoning module NiagaraCore (274)
[2020.11.21-15.00.24:620][  1]LogModuleManager: Shutting down and abandoning module GameplayTagsEditor (272)
[2020.11.21-15.00.24:620][  1]LogModuleManager: Shutting down and abandoning module FacialAnimation (270)
[2020.11.21-15.00.24:620][  1]LogModuleManager: Shutting down and abandoning module AssetManagerEditor (268)
[2020.11.21-15.00.24:622][  1]LogModuleManager: Shutting down and abandoning module TreeMap (267)
[2020.11.21-15.00.24:623][  1]LogModuleManager: Shutting down and abandoning module AnimationSharing (264)
[2020.11.21-15.00.24:623][  1]LogModuleManager: Shutting down and abandoning module LightPropagationVolumeRuntime (262)
[2020.11.21-15.00.24:623][  1]LogModuleManager: Shutting down and abandoning module Paper2D (260)
[2020.11.21-15.00.24:623][  1]LogModuleManager: Shutting down and abandoning module WindowsMoviePlayer (258)
[2020.11.21-15.00.24:623][  1]LogModuleManager: Shutting down and abandoning module WebMMoviePlayer (256)
[2020.11.21-15.00.24:640][  1]LogModuleManager: Shutting down and abandoning module NetworkReplayStreaming (254)
[2020.11.21-15.00.24:640][  1]LogModuleManager: Shutting down and abandoning module PacketHandler (252)
[2020.11.21-15.00.24:640][  1]LogModuleManager: Shutting down and abandoning module ClothingSystemEditor (250)
[2020.11.21-15.00.24:640][  1]LogModuleManager: Shutting down and abandoning module ClothingSystemRuntimeNv (248)
[2020.11.21-15.00.24:652][  1]LogModuleManager: Shutting down and abandoning module MediaAssets (246)
[2020.11.21-15.00.24:652][  1]LogModuleManager: Shutting down and abandoning module Overlay (244)
[2020.11.21-15.00.24:652][  1]LogModuleManager: Shutting down and abandoning module OverlayEditor (243)
[2020.11.21-15.00.24:652][  1]LogModuleManager: Shutting down and abandoning module VREditor (240)
[2020.11.21-15.00.24:659][  1]LogModuleManager: Shutting down and abandoning module StringTableEditor (238)
[2020.11.21-15.00.24:666][  1]LogModuleManager: Shutting down and abandoning module GameplayTasksEditor (236)
[2020.11.21-15.00.24:666][  1]LogModuleManager: Shutting down and abandoning module BehaviorTreeEditor (234)
[2020.11.21-15.00.24:685][  1]LogModuleManager: Shutting down and abandoning module FunctionalTesting (232)
[2020.11.21-15.00.24:686][  1]LogModuleManager: Shutting down and abandoning module CollisionAnalyzer (230)
[2020.11.21-15.00.24:687][  1]LogModuleManager: Shutting down and abandoning module UMG (228)
[2020.11.21-15.00.24:687][  1]LogModuleManager: Shutting down and abandoning module UMGEditor (227)
[2020.11.21-15.00.24:687][  1]LogModuleManager: Shutting down and abandoning module Sequencer (226)
[2020.11.21-15.00.24:697][  1]LogModuleManager: Shutting down and abandoning module MessageLog (223)
[2020.11.21-15.00.24:697][  1]LogModuleManager: Shutting down and abandoning module MaterialEditor (221)
[2020.11.21-15.00.24:697][  1]LogModuleManager: Shutting down and abandoning module ContentBrowser (220)
[2020.11.21-15.00.24:698][  1]LogModuleManager: Shutting down and abandoning module WorkspaceMenuStructure (219)
[2020.11.21-15.00.24:698][  1]LogModuleManager: Shutting down and abandoning module CollectionManager (217)
[2020.11.21-15.00.24:709][  1]LogModuleManager: Shutting down and abandoning module DirectoryWatcher (216)
[2020.11.21-15.00.24:709][  1]LogModuleManager: Shutting down and abandoning module SlateReflector (208)
[2020.11.21-15.00.24:731][  1]LogModuleManager: Shutting down and abandoning module Slate (206)
[2020.11.21-15.00.24:731][  1]LogModuleManager: Shutting down and abandoning module SlateCore (204)
[2020.11.21-15.00.24:731][  1]LogModuleManager: Shutting down and abandoning module LandscapeEditorUtilities (202)
[2020.11.21-15.00.24:731][  1]LogModuleManager: Shutting down and abandoning module EditorStyle (200)
[2020.11.21-15.00.24:732][  1]LogModuleManager: Shutting down and abandoning module UnrealEd (198)
[2020.11.21-15.00.24:732][  1]LogModuleManager: Shutting down and abandoning module MRMesh (196)
[2020.11.21-15.00.24:732][  1]LogModuleManager: Shutting down and abandoning module Messaging (194)
[2020.11.21-15.00.24:732][  1]LogModuleManager: Shutting down and abandoning module SourceCodeAccess (192)
[2020.11.21-15.00.24:732][  1]LogModuleManager: Shutting down and abandoning module HeadMountedDisplay (190)
[2020.11.21-15.00.24:732][  1]LogModuleManager: Shutting down and abandoning module XAudio2 (188)
[2020.11.21-15.00.24:732][  1]LogModuleManager: Shutting down and abandoning module Networking (186)
[2020.11.21-15.00.24:732][  1]LogModuleManager: Shutting down and abandoning module Core (184)
[2020.11.21-15.00.24:732][  1]LogModuleManager: Shutting down and abandoning module MovieSceneTools (182)
[2020.11.21-15.00.24:732][  1]LogModuleManager: Shutting down and abandoning module KismetCompiler (180)
[2020.11.21-15.00.24:732][  1]LogModuleManager: Shutting down and abandoning module MeshBuilder (178)
[2020.11.21-15.00.24:740][  1]LogModuleManager: Shutting down and abandoning module MeshUtilities (176)
[2020.11.21-15.00.24:741][  1]LogModuleManager: Shutting down and abandoning module MeshMergeUtilities (175)
[2020.11.21-15.00.24:742][  1]LogModuleManager: Shutting down and abandoning module MeshReductionInterface (174)
[2020.11.21-15.00.24:742][  1]LogModuleManager: Shutting down and abandoning module MeshBoneReduction (173)
[2020.11.21-15.00.24:745][  1]LogModuleManager: Shutting down and abandoning module SkeletalMeshReduction (171)
[2020.11.21-15.00.24:746][  1]LogModuleManager: Shutting down and abandoning module ProxyLODMeshReduction (169)
[2020.11.21-15.00.24:763][  1]LogModuleManager: Shutting down and abandoning module QuadricMeshReduction (167)
[2020.11.21-15.00.24:764][  1]LogModuleManager: Shutting down and abandoning module MaterialBaking (163)
[2020.11.21-15.00.24:764][  1]LogModuleManager: Shutting down and abandoning module NullInstallBundleManager (158)
[2020.11.21-15.00.24:764][  1]LogModuleManager: Shutting down and abandoning module PIEPreviewDeviceProfileSelector (156)
[2020.11.21-15.00.24:780][  1]LogModuleManager: Shutting down and abandoning module DerivedDataCache (154)
[2020.11.21-15.00.24:780][  1]LogModuleManager: Shutting down and abandoning module XGEController (152)
[2020.11.21-15.00.24:780][  1]LogModuleManager: Shutting down and abandoning module TargetPlatform (150)
[2020.11.21-15.00.24:788][  1]LogModuleManager: Shutting down and abandoning module VulkanShaderFormat (149)
[2020.11.21-15.00.24:799][  1]LogModuleManager: Shutting down and abandoning module ShaderFormatVectorVM (147)
[2020.11.21-15.00.24:809][  1]LogModuleManager: Shutting down and abandoning module ShaderFormatOpenGL (145)
[2020.11.21-15.00.24:809][  1]LogModuleManager: Shutting down and abandoning module ShaderFormatD3D (143)
[2020.11.21-15.00.24:809][  1]LogModuleManager: Shutting down and abandoning module MetalShaderFormat (141)
[2020.11.21-15.00.24:810][  1]LogModuleManager: Shutting down and abandoning module TextureFormatUncompressed (139)
[2020.11.21-15.00.24:810][  1]LogModuleManager: Shutting down and abandoning module TextureFormatPVR (137)
[2020.11.21-15.00.24:810][  1]LogModuleManager: Shutting down and abandoning module TextureFormatDXT (135)
[2020.11.21-15.00.24:816][  1]LogModuleManager: Shutting down and abandoning module TextureFormatIntelISPCTexComp (133)
[2020.11.21-15.00.24:823][  1]LogModuleManager: Shutting down and abandoning module TextureFormatASTC (131)
[2020.11.21-15.00.24:823][  1]LogModuleManager: Shutting down and abandoning module ImageWrapper (130)
[2020.11.21-15.00.24:823][  1]LogModuleManager: Shutting down and abandoning module TextureFormatAndroid (127)
[2020.11.21-15.00.24:823][  1]LogModuleManager: Shutting down and abandoning module AudioFormatOpus (125)
[2020.11.21-15.00.24:835][  1]LogModuleManager: Shutting down and abandoning module AudioFormatOgg (123)
[2020.11.21-15.00.24:835][  1]LogModuleManager: Shutting down and abandoning module AudioFormatADPCM (121)
[2020.11.21-15.00.24:840][  1]LogModuleManager: Shutting down and abandoning module WindowsServerTargetPlatform (119)
[2020.11.21-15.00.24:840][  1]LogModuleManager: Shutting down and abandoning module WindowsClientTargetPlatform (117)
[2020.11.21-15.00.24:840][  1]LogModuleManager: Shutting down and abandoning module WindowsTargetPlatform (115)
[2020.11.21-15.00.24:840][  1]LogModuleManager: Shutting down and abandoning module WindowsNoEditorTargetPlatform (113)
[2020.11.21-15.00.24:840][  1]LogModuleManager: Shutting down and abandoning module InputCore (110)
[2020.11.21-15.00.24:840][  1]LogModuleManager: Shutting down and abandoning module Settings (108)
[2020.11.21-15.00.24:841][  1]LogModuleManager: Shutting down and abandoning module PhysXCooking (106)
[2020.11.21-15.00.24:841][  1]LogModuleManager: Shutting down and abandoning module ChaosSolvers (104)
[2020.11.21-15.00.24:849][  1]LogModuleManager: Shutting down and abandoning module FieldSystemEngine (103)
[2020.11.21-15.00.24:849][  1]LogModuleManager: Shutting down and abandoning module Chaos (100)
[2020.11.21-15.00.24:849][  1]LogModuleManager: Shutting down and abandoning module WindowsPlatformFeatures (98)
[2020.11.21-15.00.24:849][  1]LogModuleManager: Shutting down and abandoning module GameplayMediaEncoder (97)
[2020.11.21-15.00.24:857][  1]LogModuleManager: Shutting down and abandoning module AVEncoder (96)
[2020.11.21-15.00.24:858][  1]LogModuleManager: Shutting down and abandoning module SteamVRInputDevice (92)
[2020.11.21-15.00.24:871][  1]LogModuleManager: Shutting down and abandoning module SteamVRInput (90)
[2020.11.21-15.00.24:871][  1]LogModuleManager: Shutting down and abandoning module SteamVR (88)
[2020.11.21-15.00.24:871][  1]LogHMD: Freeing OpenVRDLLHandle.
[2020.11.21-15.00.24:871][  1]LogModuleManager: Shutting down and abandoning module OculusHMD (86)
[2020.11.21-15.00.24:871][  1]LogModuleManager: Shutting down and abandoning module ExampleDeviceProfileSelector (84)
[2020.11.21-15.00.24:871][  1]LogModuleManager: Shutting down and abandoning module LauncherChunkInstaller (82)
[2020.11.21-15.00.24:871][  1]LogModuleManager: Shutting down and abandoning module OnlineBlueprintSupport (80)
[2020.11.21-15.00.24:871][  1]LogModuleManager: Shutting down and abandoning module OnlineSubsystem (76)
[2020.11.21-15.00.24:877][  1]LogModuleManager: Shutting down and abandoning module XMPP (71)
[2020.11.21-15.00.24:889][  1]LogModuleManager: Shutting down and abandoning module WebSockets (70)
[2020.11.21-15.00.24:919][  1]LogModuleManager: Shutting down and abandoning module HTTP (67)
[2020.11.21-15.00.24:927][  1]LogModuleManager: Shutting down and abandoning module SSL (66)
[2020.11.21-15.00.24:928][  1]LogModuleManager: Shutting down and abandoning module WmfMedia (62)
[2020.11.21-15.00.24:943][  1]LogModuleManager: Shutting down and abandoning module Media (61)
[2020.11.21-15.00.24:943][  1]LogModuleManager: Shutting down and abandoning module MagicLeap (58)
[2020.11.21-15.00.24:943][  1]LogModuleManager: Shutting down and abandoning module NiagaraVertexFactories (56)
[2020.11.21-15.00.24:943][  1]LogModuleManager: Shutting down and abandoning module NiagaraShader (54)
[2020.11.21-15.00.24:943][  1]LogModuleManager: Shutting down and abandoning module VariantManagerContent (52)
[2020.11.21-15.00.24:943][  1]LogModuleManager: Shutting down and abandoning module DatasmithContent (50)
[2020.11.21-15.00.24:943][  1]LogModuleManager: Shutting down and abandoning module AISupportModule (48)
[2020.11.21-15.00.24:943][  1]LogModuleManager: Shutting down and abandoning module DesktopPlatform (46)
[2020.11.21-15.00.24:953][  1]LogModuleManager: Shutting down and abandoning module PlatformCryptoOpenSSL (44)
[2020.11.21-15.00.24:965][  1]LogModuleManager: Shutting down and abandoning module PlatformCryptoTypes (42)
[2020.11.21-15.00.24:965][  1]LogModuleManager: Shutting down and abandoning module PlatformCrypto (40)
[2020.11.21-15.00.24:965][  1]LogModuleManager: Shutting down and abandoning module AnimationModifiers (38)
[2020.11.21-15.00.24:977][  1]LogModuleManager: Shutting down and abandoning module PropertyEditor (37)
[2020.11.21-15.00.24:977][  1]LogModuleManager: Shutting down and abandoning module AudioEditor (34)
[2020.11.21-15.00.24:993][  1]LogModuleManager: Shutting down and abandoning module TextureCompressor (32)
[2020.11.21-15.00.24:993][  1]LogModuleManager: Shutting down and abandoning module RenderCore (30)
[2020.11.21-15.00.24:993][  1]LogModuleManager: Shutting down and abandoning module Landscape (28)
[2020.11.21-15.00.24:993][  1]LogModuleManager: Shutting down and abandoning module SlateRHIRenderer (26)
[2020.11.21-15.00.25:004][  1]LogModuleManager: Shutting down and abandoning module OpenGLDrv (24)
[2020.11.21-15.00.25:011][  1]LogModuleManager: Shutting down and abandoning module D3D11RHI (22)
[2020.11.21-15.00.25:011][  1]LogModuleManager: Shutting down and abandoning module AnimGraphRuntime (20)
[2020.11.21-15.00.25:011][  1]LogModuleManager: Shutting down and abandoning module Renderer (18)
[2020.11.21-15.00.25:023][  1]LogModuleManager: Shutting down and abandoning module Engine (16)
[2020.11.21-15.00.25:023][  1]LogModuleManager: Shutting down and abandoning module CoreUObject (14)
[2020.11.21-15.00.25:023][  1]LogModuleManager: Shutting down and abandoning module NetworkFile (12)
[2020.11.21-15.00.25:024][  1]LogModuleManager: Shutting down and abandoning module CookedIterativeFile (10)
[2020.11.21-15.00.25:024][  1]LogModuleManager: Shutting down and abandoning module StreamingFile (8)
[2020.11.21-15.00.25:024][  1]LogModuleManager: Shutting down and abandoning module SandboxFile (6)
[2020.11.21-15.00.25:039][  1]LogModuleManager: Shutting down and abandoning module PakFile (4)
[2020.11.21-15.00.25:050][  1]LogModuleManager: Shutting down and abandoning module RSA (3)
[2020.11.21-15.00.25:263][  1]LogContentStreaming: Display: There are 1 unreleased StreamingManagers
[2020.11.21-15.00.25:278][  1]LogD3D11RHI: Shutdown
[2020.11.21-15.00.25:278][  1]LogD3D11RHI: CleanupD3DDevice
[2020.11.21-15.00.25:324][  1]LogExit: Exiting.
[2020.11.21-15.00.25:349][  1]Log file closed, 11/21/20 18:00:25
